homeassistant/binary_sensor/espresense_b08453/connectivity/config {"dev":{"ids":["espresense_b08453"],"cns":[["mac","AC:67:B2:53:84:B0"]],"name":"ESPresense test","sa":"test","sw":"v3.3.5","mf":"ESPresense (esp32)","cu":"http://10.1.1.128","mdl":"ESP32-D0WD"},"~":"espresense/rooms/test","name":"Connectivity","uniq_id":"espresense_b08453_connectivity","json_attr_t":"~/telemetry","stat_t":"~/status","dev_cla":"connectivity","pl_on":"online","pl_off":"offline"}
espresense/companion/telemetry {"unknownNodes":["test"],"ip":"10.1.1.2","skipped":5386}
homeassistant/sensor/espresense_b08453/uptime/config {"dev":{"ids":["espresense_b08453"],"cns":[["mac","AC:67:B2:53:84:B0"]],"name":"ESPresense test","sa":"test","sw":"v3.3.5","mf":"ESPresense (esp32)","cu":"http://10.1.1.128","mdl":"ESP32-D0WD"},"~":"espresense/rooms/test","name":"Uptime","uniq_id":"espresense_b08453_uptime","avty_t":"~/status","stat_t":"~/telemetry","value_template":"{{ value_json.uptime }}","entity_category":"diagnostic","unit_of_meas":"s"}
homeassistant/sensor/espresense_b08453/free_mem/config {"dev":{"ids":["espresense_b08453"],"cns":[["mac","AC:67:B2:53:84:B0"]],"name":"ESPresense test","sa":"test","sw":"v3.3.5","mf":"ESPresense (esp32)","cu":"http://10.1.1.128","mdl":"ESP32-D0WD"},"~":"espresense/rooms/test","name":"Free Mem","uniq_id":"espresense_b08453_free_mem","avty_t":"~/status","stat_t":"~/telemetry","value_template":"{{ value_json.freeHeap }}","entity_category":"diagnostic","unit_of_meas":"bytes"}
homeassistant/sensor/espresense_b08453/count/config (null)
homeassistant/button/espresense_b08453/restart/config {"dev":{"ids":["espresense_b08453"],"cns":[["mac","AC:67:B2:53:84:B0"]],"name":"ESPresense test","sa":"test","sw":"v3.3.5","mf":"ESPresense (esp32)","cu":"http://10.1.1.128","mdl":"ESP32-D0WD"},"~":"espresense/rooms/test","name":"Restart","uniq_id":"espresense_b08453_restart","avty_t":"~/status","stat_t":"~/restart","cmd_t":"~/restart/set","entity_category":"diagnostic"}
homeassistant/number/espresense_b08453/max_distance/config {"dev":{"ids":["espresense_b08453"],"cns":[["mac","AC:67:B2:53:84:B0"]],"name":"ESPresense test","sa":"test","sw":"v3.3.5","mf":"ESPresense (esp32)","cu":"http://10.1.1.128","mdl":"ESP32-D0WD"},"~":"espresense/rooms/test","name":"Max Distance","uniq_id":"espresense_b08453_max_distance","avty_t":"~/status","stat_t":"~/max_distance","cmd_t":"~/max_distance/set","step":"0.1","entity_category":"config"}
homeassistant/number/espresense_b08453/absorption/config {"dev":{"ids":["espresense_b08453"],"cns":[["mac","AC:67:B2:53:84:B0"]],"name":"ESPresense test","sa":"test","sw":"v3.3.5","mf":"ESPresense (esp32)","cu":"http://10.1.1.128","mdl":"ESP32-D0WD"},"~":"espresense/rooms/test","name":"Absorption","uniq_id":"espresense_b08453_absorption","avty_t":"~/status","stat_t":"~/absorption","cmd_t":"~/absorption/set","step":"0.1","entity_category":"config"}
homeassistant/switch/espresense_b08453/auto_update/config {"dev":{"ids":["espresense_b08453"],"cns":[["mac","AC:67:B2:53:84:B0"]],"name":"ESPresense test","sa":"test","sw":"v3.3.5","mf":"ESPresense (esp32)","cu":"http://10.1.1.128","mdl":"ESP32-D0WD"},"~":"espresense/rooms/test","name":"Auto Update","uniq_id":"espresense_b08453_auto_update","avty_t":"~/status","stat_t":"~/auto_update","cmd_t":"~/auto_update/set","entity_category":"config"}
homeassistant/switch/espresense_b08453/arduino_ota/config {"dev":{"ids":["espresense_b08453"],"cns":[["mac","AC:67:B2:53:84:B0"]],"name":"ESPresense test","sa":"test","sw":"v3.3.5","mf":"ESPresense (esp32)","cu":"http://10.1.1.128","mdl":"ESP32-D0WD"},"~":"espresense/rooms/test","name":"Arduino OTA","uniq_id":"espresense_b08453_arduino_ota","avty_t":"~/status","stat_t":"~/arduino_ota","cmd_t":"~/arduino_ota/set","entity_category":"config"}
homeassistant/switch/espresense_b08453/prerelease/config {"dev":{"ids":["espresense_b08453"],"cns":[["mac","AC:67:B2:53:84:B0"]],"name":"ESPresense test","sa":"test","sw":"v3.3.5","mf":"ESPresense (esp32)","cu":"http://10.1.1.128","mdl":"ESP32-D0WD"},"~":"espresense/rooms/test","name":"Prerelease","uniq_id":"espresense_b08453_prerelease","avty_t":"~/status","stat_t":"~/prerelease","cmd_t":"~/prerelease/set","entity_category":"config"}
homeassistant/button/espresense_b08453/update/config {"dev":{"ids":["espresense_b08453"],"cns":[["mac","AC:67:B2:53:84:B0"]],"name":"ESPresense test","sa":"test","sw":"v3.3.5","mf":"ESPresense (esp32)","cu":"http://10.1.1.128","mdl":"ESP32-D0WD"},"~":"espresense/rooms/test","name":"Update","uniq_id":"espresense_b08453_update","avty_t":"~/status","stat_t":"~/update","cmd_t":"~/update/set","entity_category":"diagnostic"}
espresense/settings/iBeacon:e5ca1ade-f007-ba11-0000-000000000000-176-33875/config {"id":"node:test","name":"test"}
homeassistant/button/espresense_b08453/enroll/config {"dev":{"ids":["espresense_b08453"],"cns":[["mac","AC:67:B2:53:84:B0"]],"name":"ESPresense test","sa":"test","sw":"v3.3.5","mf":"ESPresense (esp32)","cu":"http://10.1.1.128","mdl":"ESP32-D0WD"},"~":"espresense/rooms/test","name":"Enroll","uniq_id":"espresense_b08453_enroll","avty_t":"~/status","stat_t":"~/enroll","cmd_t":"~/enroll/set","entity_category":"config"}
espresense/devices/msft:cdp:0922/test {"mac":"21567deef707","id":"msft:cdp:0922","idType":40,"rssi@1m":-71,"rssi":-55,"raw":0.35,"distance":0.35,"int":66}
espresense/devices/apple:1005:9-12/test {"mac":"54adef303ee2","id":"apple:1005:9-12","idType":150,"rssi@1m":-65,"rssi":-88,"raw":4.54,"distance":4.54,"var":0.00,"int":66}
espresense/devices/sd:0xfe9f/test {"mac":"57f40505a2c8","id":"sd:0xfe9f","idType":15,"rssi@1m":-71,"rssi":-51,"raw":0.27,"distance":0.27,"var":0.00,"int":60}
espresense/devices/04c23eba5f0d/test {"mac":"04c23eba5f0d","id":"04c23eba5f0d","idType":55,"rssi@1m":-71,"rssi":-93,"raw":4.25,"distance":4.25,"int":59}
espresense/devices/apple:1007:110/test {"mac":"748d8ec030a9","id":"apple:1007:110","idType":150,"rssi@1m":-65,"rssi":-81,"raw":2.87,"distance":2.87,"var":0.00,"int":53}
espresense/devices/sd:0xfe9f/test {"mac":"42d65cd1b180","id":"sd:0xfe9f","idType":15,"rssi@1m":-71,"rssi":-90,"raw":3.49,"distance":3.49,"var":0.00,"int":1}
espresense/devices/fa0b1ef66532/test {"mac":"fa0b1ef66532","id":"fa0b1ef66532","idType":5,"rssi@1m":-65,"rssi":-75,"raw":1.93,"distance":1.93,"int":1}
espresense/devices/sd:0xfe9f/test {"mac":"6e469260015d","id":"sd:0xfe9f","idType":15,"rssi@1m":-71,"rssi":-77,"raw":1.48,"distance":1.48,"var":0.00,"int":1}
espresense/devices/name:n05qz/test {"mac":"d265fa94dfa3","id":"name:n05qz","name":"N05QZ","idType":35,"rssi@1m":-71,"rssi":-95,"raw":4.85,"distance":4.85,"int":2}
espresense/devices/name:n05rc/test {"mac":"f6ed2531bab7","id":"name:n05rc","name":"N05RC","idType":35,"rssi@1m":-71,"rssi":-86,"raw":2.68,"distance":2.68,"int":1}
espresense/devices/e96924585c19/test {"mac":"e96924585c19","id":"e96924585c19","idType":5,"rssi@1m":-65,"rssi":-81,"raw":2.87,"distance":2.87,"var":0.00,"int":1}
espresense/devices/iBeacon:35df8e98-8c08-4dfe-bdf6-847912bf3322-100-40004/test {"mac":"615d5b8ce42d","id":"iBeacon:35df8e98-8c08-4dfe-bdf6-847912bf3322-100-40004","idType":180,"rssi@1m":-59,"rssi":-65,"raw":1.48,"distance":1.48,"var":0.00,"int":2}
espresense/devices/34b7da368e5e/test {"mac":"34b7da368e5e","id":"34b7da368e5e","idType":55,"rssi@1m":-71,"rssi":-90,"raw":3.49,"distance":3.49,"var":0.00,"int":2}
espresense/devices/de902b967282/test {"mac":"de902b967282","id":"de902b967282","idType":5,"rssi@1m":-65,"rssi":-75,"raw":1.93,"distance":1.93,"int":1}
espresense/devices/apple:1005:90/test {"mac":"7609fe5b8535","id":"apple:1005:90","idType":150,"rssi@1m":-65,"rssi":-87,"raw":4.25,"distance":4.25,"int":1}
espresense/devices/name:n05mm/test {"mac":"f57e1a9484ae","id":"name:n05mm","name":"N05MM","idType":35,"rssi@1m":-71,"rssi":-89,"raw":3.27,"distance":3.27,"var":0.00,"int":2}
espresense/devices/name:n05qz/test {"mac":"d265fa94dfa3","id":"name:n05qz","name":"N05QZ","idType":35,"rssi@1m":-71,"rssi":-92,"raw":3.98,"distance":4.31,"var":0.06,"int":860}
espresense/devices/c62295e84e46/test {"mac":"c62295e84e46","id":"c62295e84e46","idType":5,"rssi@1m":-65,"rssi":-82,"raw":3.06,"distance":3.06,"int":1}
espresense/devices/cae451ebd9a0/test {"mac":"cae451ebd9a0","id":"cae451ebd9a0","idType":5,"rssi@1m":-65,"rssi":-88,"raw":4.54,"distance":4.54,"var":0.00,"int":2}
espresense/devices/apple:1007:110/test {"mac":"748d8ec030a9","id":"apple:1007:110","idType":150,"rssi@1m":-65,"rssi":-70,"raw":1.39,"distance":2.30,"var":1.07,"int":318}
espresense/devices/c1deb30e090e/test {"mac":"c1deb30e090e","id":"c1deb30e090e","idType":5,"rssi@1m":-65,"rssi":-89,"raw":4.85,"distance":4.85,"int":2}
espresense/devices/msft:cdp:0922/test {"mac":"21567deef707","id":"msft:cdp:0922","idType":40,"rssi@1m":-71,"rssi":-54,"raw":0.33,"distance":0.56,"var":0.09,"int":165}
espresense/devices/apple:1005:9-12/test {"mac":"54adef303ee2","id":"apple:1005:9-12","idType":150,"rssi@1m":-65,"rssi":-90,"raw":5.18,"distance":4.10,"var":1.08,"int":641}
espresense/devices/sd:0xfe9f/test {"mac":"57f40505a2c8","id":"sd:0xfe9f","idType":15,"rssi@1m":-71,"rssi":-51,"raw":0.27,"distance":0.33,"var":0.01,"int":301}
espresense/devices/04c23eba5f0d/test {"mac":"04c23eba5f0d","id":"04c23eba5f0d","idType":55,"rssi@1m":-71,"rssi":-95,"raw":4.85,"distance":4.38,"var":0.27,"int":731}
espresense/devices/sd:0xfe9f/test {"mac":"42d65cd1b180","id":"sd:0xfe9f","idType":15,"rssi@1m":-71,"rssi":-88,"raw":3.06,"distance":3.12,"var":0.72,"int":384}
espresense/devices/fa0b1ef66532/test {"mac":"fa0b1ef66532","id":"fa0b1ef66532","idType":5,"rssi@1m":-65,"rssi":-72,"raw":1.58,"distance":1.74,"var":0.01,"int":1667}
espresense/devices/sd:0xfe9f/test {"mac":"6e469260015d","id":"sd:0xfe9f","idType":15,"rssi@1m":-71,"rssi":-81,"raw":1.93,"distance":1.77,"var":0.09,"int":384}
espresense/devices/apple:1005:90/test {"mac":"7609fe5b8535","id":"apple:1005:90","idType":150,"rssi@1m":-65,"rssi":-90,"raw":5.18,"distance":4.87,"var":0.07,"int":1057}
espresense/devices/name:n05rc/test {"mac":"f6ed2531bab7","id":"name:n05rc","name":"N05RC","idType":35,"rssi@1m":-71,"rssi":-86,"raw":2.68,"distance":2.90,"var":0.16,"int":1000}
espresense/devices/e96924585c19/test {"mac":"e96924585c19","id":"e96924585c19","idType":5,"rssi@1m":-65,"rssi":-73,"raw":1.69,"distance":2.80,"var":0.11,"int":1667}
espresense/devices/34b7da368e5e/test {"mac":"34b7da368e5e","id":"34b7da368e5e","idType":55,"rssi@1m":-71,"rssi":-93,"raw":4.25,"distance":4.05,"var":0.17,"int":1215}
espresense/devices/e96924585c19/test {"mac":"e96924585c19","id":"e96924585c19","idType":5,"rssi@1m":-65,"rssi":-73,"raw":1.69,"distance":2.24,"var":0.19,"int":1405}
espresense/devices/iBeacon:35df8e98-8c08-4dfe-bdf6-847912bf3322-100-40004/test {"mac":"615d5b8ce42d","id":"iBeacon:35df8e98-8c08-4dfe-bdf6-847912bf3322-100-40004","idType":180,"rssi@1m":-59,"rssi":-64,"raw":1.39,"distance":1.41,"var":0.00,"int":1711}
espresense/devices/name:n05hf/test {"mac":"c977e0f3e120","id":"name:n05hf","name":"N05HF","idType":35,"rssi@1m":-71,"rssi":-95,"raw":4.85,"distance":4.85,"int":3}
espresense/devices/de902b967282/test {"mac":"de902b967282","id":"de902b967282","idType":5,"rssi@1m":-65,"rssi":-69,"raw":1.30,"distance":1.48,"var":0.03,"int":1667}
espresense/devices/cae451ebd9a0/test {"mac":"cae451ebd9a0","id":"cae451ebd9a0","idType":5,"rssi@1m":-65,"rssi":-84,"raw":3.49,"distance":3.79,"var":0.08,"int":1341}
espresense/devices/c62295e84e46/test {"mac":"c62295e84e46","id":"c62295e84e46","idType":5,"rssi@1m":-65,"rssi":-83,"raw":3.27,"distance":3.14,"var":0.01,"int":1250}
espresense/devices/apple:1005:90/test {"mac":"7609fe5b8535","id":"apple:1005:90","idType":150,"rssi@1m":-65,"rssi":-84,"raw":3.49,"distance":3.96,"var":0.36,"int":880}
espresense/devices/sd:0xfe9f/test {"mac":"42d65cd1b180","id":"sd:0xfe9f","idType":15,"rssi@1m":-71,"rssi":-76,"raw":1.39,"distance":2.62,"var":0.72,"int":488}
espresense/rooms/test/telemetry {"ip":"10.1.1.128","uptime":15,"firm":"esp32","rssi":-52,"ver":"v3.3.5","adverts":331,"seen":306,"reported":40,"freeHeap":93752,"maxHeap":73716,"scanStack":724,"loopStack":3704,"bleStack":3512}
espresense/devices/apple:1007:110/test {"mac":"748d8ec030a9","id":"apple:1007:110","idType":150,"rssi@1m":-65,"rssi":-74,"raw":1.81,"distance":1.82,"var":1.16,"int":350}
espresense/devices/name:n05mm/test {"mac":"f57e1a9484ae","id":"name:n05mm","name":"N05MM","idType":35,"rssi@1m":-71,"rssi":-93,"raw":4.25,"distance":4.07,"var":0.07,"int":2270}
espresense/devices/apple:1005:9-12/test {"mac":"54adef303ee2","id":"apple:1005:9-12","idType":150,"rssi@1m":-65,"rssi":-80,"raw":2.68,"distance":3.40,"var":1.22,"int":659}
espresense/devices/c1deb30e090e/test {"mac":"c1deb30e090e","id":"c1deb30e090e","idType":5,"rssi@1m":-65,"rssi":-78,"raw":2.35,"distance":4.70,"var":0.48,"int":1668}
espresense/devices/msft:cdp:0922/test {"mac":"21567deef707","id":"msft:cdp:0922","idType":40,"rssi@1m":-71,"rssi":-59,"raw":0.45,"distance":0.35,"var":0.01,"int":174}
espresense/devices/sd:0xfe9f/test {"mac":"57f40505a2c8","id":"sd:0xfe9f","idType":15,"rssi@1m":-71,"rssi":-53,"raw":0.31,"distance":0.35,"var":0.00,"int":337}
espresense/devices/04c23eba5f0d/test {"mac":"04c23eba5f0d","id":"04c23eba5f0d","idType":55,"rssi@1m":-71,"rssi":-97,"raw":5.53,"distance":5.28,"var":0.35,"int":1270}
espresense/devices/fa0b1ef66532/test {"mac":"fa0b1ef66532","id":"fa0b1ef66532","idType":5,"rssi@1m":-65,"rssi":-74,"raw":1.81,"distance":1.79,"var":0.01,"int":2500}
espresense/devices/sd:0xfe9f/test {"mac":"6e469260015d","id":"sd:0xfe9f","idType":15,"rssi@1m":-71,"rssi":-79,"raw":1.69,"distance":1.63,"var":0.15,"int":370}
espresense/devices/name:n05rc/test {"mac":"f6ed2531bab7","id":"name:n05rc","name":"N05RC","idType":35,"rssi@1m":-71,"rssi":-97,"raw":5.53,"distance":3.06,"var":0.74,"int":1429}
espresense/devices/e96924585c19/test {"mac":"e96924585c19","id":"e96924585c19","idType":5,"rssi@1m":-65,"rssi":-80,"raw":2.68,"distance":2.56,"var":0.19,"int":2124}
espresense/devices/iBeacon:35df8e98-8c08-4dfe-bdf6-847912bf3322-100-40004/test {"mac":"615d5b8ce42d","id":"iBeacon:35df8e98-8c08-4dfe-bdf6-847912bf3322-100-40004","idType":180,"rssi@1m":-59,"rssi":-64,"raw":1.39,"distance":1.40,"var":0.00,"int":2027}
espresense/devices/name:n05hf/test {"mac":"c977e0f3e120","id":"name:n05hf","name":"N05HF","idType":35,"rssi@1m":-71,"rssi":-97,"raw":5.53,"distance":5.24,"var":0.04,"int":1251}
espresense/devices/de902b967282/test {"mac":"de902b967282","id":"de902b967282","idType":5,"rssi@1m":-65,"rssi":-75,"raw":1.93,"distance":1.68,"var":0.06,"int":2000}
espresense/devices/apple:1007:110/test {"mac":"748d8ec030a9","id":"apple:1007:110","idType":150,"rssi@1m":-65,"rssi":-70,"raw":1.39,"distance":2.46,"var":4.33,"int":351}
espresense/devices/c62295e84e46/test {"mac":"c62295e84e46","id":"c62295e84e46","idType":5,"rssi@1m":-65,"rssi":-87,"raw":4.25,"distance":3.16,"var":0.12,"int":2000}
espresense/devices/apple:1005:90/test {"mac":"7609fe5b8535","id":"apple:1005:90","idType":150,"rssi@1m":-65,"rssi":-84,"raw":3.49,"distance":3.90,"var":0.39,"int":797}
espresense/devices/sd:0xfe9f/test {"mac":"42d65cd1b180","id":"sd:0xfe9f","idType":15,"rssi@1m":-71,"rssi":-78,"raw":1.58,"distance":2.27,"var":1.32,"int":551}
espresense/devices/apple:1005:9-12/test {"mac":"54adef303ee2","id":"apple:1005:9-12","idType":150,"rssi@1m":-65,"rssi":-84,"raw":3.49,"distance":3.20,"var":0.79,"int":676}
espresense/devices/c1deb30e090e/test {"mac":"c1deb30e090e","id":"c1deb30e090e","idType":5,"rssi@1m":-65,"rssi":-84,"raw":3.49,"distance":4.58,"var":0.57,"int":2501}
espresense/devices/sd:0xfe9f/test {"mac":"42d65cd1b180","id":"sd:0xfe9f","idType":15,"rssi@1m":-71,"rssi":-91,"raw":3.73,"distance":2.85,"var":1.34,"int":528}
espresense/devices/msft:cdp:0922/test {"mac":"21567deef707","id":"msft:cdp:0922","idType":40,"rssi@1m":-71,"rssi":-55,"raw":0.35,"distance":0.34,"var":0.01,"int":173}
espresense/devices/sd:0xfe9f/test {"mac":"57f40505a2c8","id":"sd:0xfe9f","idType":15,"rssi@1m":-71,"rssi":-58,"raw":0.43,"distance":0.36,"var":0.00,"int":387}
espresense/devices/34b7da368e5e/test {"mac":"34b7da368e5e","id":"34b7da368e5e","idType":55,"rssi@1m":-71,"rssi":-93,"raw":4.25,"distance":4.22,"var":0.19,"int":2657}
espresense/devices/04c23eba5f0d/test {"mac":"04c23eba5f0d","id":"04c23eba5f0d","idType":55,"rssi@1m":-71,"rssi":-95,"raw":4.85,"distance":5.18,"var":0.34,"int":1685}
espresense/devices/fa0b1ef66532/test {"mac":"fa0b1ef66532","id":"fa0b1ef66532","idType":5,"rssi@1m":-65,"rssi":-82,"raw":3.06,"distance":1.95,"var":0.11,"int":3000}
espresense/devices/sd:0xfe9f/test {"mac":"6e469260015d","id":"sd:0xfe9f","idType":15,"rssi@1m":-71,"rssi":-78,"raw":1.58,"distance":1.37,"var":0.04,"int":394}
espresense/devices/name:n05qz/test {"mac":"d265fa94dfa3","id":"name:n05qz","name":"N05QZ","idType":35,"rssi@1m":-71,"rssi":-94,"raw":4.54,"distance":4.52,"var":0.06,"int":3869}
espresense/devices/e96924585c19/test {"mac":"e96924585c19","id":"e96924585c19","idType":5,"rssi@1m":-65,"rssi":-76,"raw":2.06,"distance":2.27,"var":0.20,"int":2231}
espresense/devices/iBeacon:35df8e98-8c08-4dfe-bdf6-847912bf3322-100-40004/test {"mac":"615d5b8ce42d","id":"iBeacon:35df8e98-8c08-4dfe-bdf6-847912bf3322-100-40004","idType":180,"rssi@1m":-59,"rssi":-68,"raw":1.81,"distance":1.59,"var":0.01,"int":2162}
espresense/devices/name:n05hf/test {"mac":"c977e0f3e120","id":"name:n05hf","name":"N05HF","idType":35,"rssi@1m":-71,"rssi":-99,"raw":6.31,"distance":5.09,"var":0.18,"int":2001}
espresense/devices/de902b967282/test {"mac":"de902b967282","id":"de902b967282","idType":5,"rssi@1m":-65,"rssi":-92,"raw":5.91,"distance":1.95,"var":1.33,"int":2500}
espresense/devices/sd:0xfe9f/test {"mac":"42d65cd1b180","id":"sd:0xfe9f","idType":15,"rssi@1m":-71,"rssi":-90,"raw":3.49,"distance":3.36,"var":0.91,"int":517}
espresense/devices/apple:1007:110/test {"mac":"748d8ec030a9","id":"apple:1007:110","idType":150,"rssi@1m":-65,"rssi":-74,"raw":1.81,"distance":2.12,"var":1.79,"int":320}
espresense/devices/cae451ebd9a0/test {"mac":"cae451ebd9a0","id":"cae451ebd9a0","idType":5,"rssi@1m":-65,"rssi":-88,"raw":4.54,"distance":4.44,"var":0.08,"int":3510}
espresense/devices/fa0b1ef66532/test {"mac":"fa0b1ef66532","id":"fa0b1ef66532","idType":5,"rssi@1m":-65,"rssi":-81,"raw":2.87,"distance":2.64,"var":0.20,"int":2571}
espresense/devices/c62295e84e46/test {"mac":"c62295e84e46","id":"c62295e84e46","idType":5,"rssi@1m":-65,"rssi":-91,"raw":5.53,"distance":3.27,"var":0.54,"int":2500}
espresense/devices/apple:1005:90/test {"mac":"7609fe5b8535","id":"apple:1005:90","idType":150,"rssi@1m":-65,"rssi":-88,"raw":4.54,"distance":4.28,"var":1.24,"int":734}
espresense/devices/name:n05mm/test {"mac":"f57e1a9484ae","id":"name:n05mm","name":"N05MM","idType":35,"rssi@1m":-71,"rssi":-93,"raw":4.25,"distance":4.22,"var":0.13,"int":3958}
espresense/devices/04c23eba5f0d/test {"mac":"04c23eba5f0d","id":"04c23eba5f0d","idType":55,"rssi@1m":-71,"rssi":-98,"raw":5.91,"distance":5.68,"var":0.62,"int":1488}
espresense/devices/apple:1005:9-12/test {"mac":"54adef303ee2","id":"apple:1005:9-12","idType":150,"rssi@1m":-65,"rssi":-86,"raw":3.98,"distance":3.42,"var":0.63,"int":685}
espresense/devices/name:n05rc/test {"mac":"f6ed2531bab7","id":"name:n05rc","name":"N05RC","idType":35,"rssi@1m":-71,"rssi":-86,"raw":2.68,"distance":2.73,"var":0.74,"int":2418}
espresense/devices/msft:cdp:0922/test {"mac":"21567deef707","id":"msft:cdp:0922","idType":40,"rssi@1m":-71,"rssi":-57,"raw":0.40,"distance":0.28,"var":0.01,"int":186}
espresense/devices/sd:0xfe9f/test {"mac":"57f40505a2c8","id":"sd:0xfe9f","idType":15,"rssi@1m":-71,"rssi":-51,"raw":0.27,"distance":0.34,"var":0.00,"int":419}
espresense/devices/34b7da368e5e/test {"mac":"34b7da368e5e","id":"34b7da368e5e","idType":55,"rssi@1m":-71,"rssi":-92,"raw":3.98,"distance":4.06,"var":0.19,"int":3048}
espresense/devices/sd:0xfe9f/test {"mac":"6e469260015d","id":"sd:0xfe9f","idType":15,"rssi@1m":-71,"rssi":-78,"raw":1.58,"distance":1.39,"var":0.05,"int":408}
espresense/devices/apple:1007:110/test {"mac":"748d8ec030a9","id":"apple:1007:110","idType":150,"rssi@1m":-65,"rssi":-88,"raw":4.54,"distance":2.69,"var":2.05,"int":327}
espresense/devices/apple:1005:90/test {"mac":"7609fe5b8535","id":"apple:1005:90","idType":150,"rssi@1m":-65,"rssi":-90,"raw":5.18,"distance":4.82,"var":1.77,"int":670}
espresense/devices/c1deb30e090e/test {"mac":"c1deb30e090e","id":"c1deb30e090e","idType":5,"rssi@1m":-65,"rssi":-84,"raw":3.49,"distance":3.67,"var":0.64,"int":3208}
espresense/devices/name:n05qz/test {"mac":"d265fa94dfa3","id":"name:n05qz","name":"N05QZ","idType":35,"rssi@1m":-71,"rssi":-94,"raw":4.54,"distance":4.53,"var":0.06,"int":4095}
espresense/devices/apple:1005:9-12/test {"mac":"54adef303ee2","id":"apple:1005:9-12","idType":150,"rssi@1m":-65,"rssi":-80,"raw":2.68,"distance":2.92,"var":0.41,"int":700}
espresense/devices/e96924585c19/test {"mac":"e96924585c19","id":"e96924585c19","idType":5,"rssi@1m":-65,"rssi":-75,"raw":1.93,"distance":2.00,"var":0.22,"int":2577}
espresense/devices/de902b967282/test {"mac":"de902b967282","id":"de902b967282","idType":5,"rssi@1m":-65,"rssi":-92,"raw":5.91,"distance":2.41,"var":2.39,"int":2864}
espresense/devices/sd:0xfe9f/test {"mac":"42d65cd1b180","id":"sd:0xfe9f","idType":15,"rssi@1m":-71,"rssi":-90,"raw":3.49,"distance":3.47,"var":0.21,"int":566}
espresense/devices/c62295e84e46/test {"mac":"c62295e84e46","id":"c62295e84e46","idType":5,"rssi@1m":-65,"rssi":-87,"raw":4.25,"distance":4.09,"var":0.59,"int":2737}
espresense/devices/iBeacon:35df8e98-8c08-4dfe-bdf6-847912bf3322-100-40004/test {"mac":"615d5b8ce42d","id":"iBeacon:35df8e98-8c08-4dfe-bdf6-847912bf3322-100-40004","idType":180,"rssi@1m":-59,"rssi":-64,"raw":1.39,"distance":1.42,"var":0.01,"int":2688}
espresense/devices/apple:1005:90/test {"mac":"7609fe5b8535","id":"apple:1005:90","idType":150,"rssi@1m":-65,"rssi":-92,"raw":5.91,"distance":5.33,"var":1.16,"int":691}
espresense/devices/name:n05mm/test {"mac":"f57e1a9484ae","id":"name:n05mm","name":"N05MM","idType":35,"rssi@1m":-71,"rssi":-92,"raw":3.98,"distance":4.07,"var":0.15,"int":4166}
espresense/devices/fa0b1ef66532/test {"mac":"fa0b1ef66532","id":"fa0b1ef66532","idType":5,"rssi@1m":-65,"rssi":-74,"raw":1.81,"distance":1.98,"var":0.20,"int":3002}
espresense/rooms/test/telemetry {"ip":"10.1.1.128","uptime":30,"firm":"esp32","rssi":-52,"ver":"v3.3.5","adverts":793,"seen":767,"reported":99,"freeHeap":93516,"maxHeap":73716,"scanStack":724,"loopStack":3704,"bleStack":3512}
espresense/devices/04c23eba5f0d/test {"mac":"04c23eba5f0d","id":"04c23eba5f0d","idType":55,"rssi@1m":-71,"rssi":-96,"raw":5.18,"distance":5.29,"var":0.55,"int":1781}
espresense/devices/name:n05rc/test {"mac":"f6ed2531bab7","id":"name:n05rc","name":"N05RC","idType":35,"rssi@1m":-71,"rssi":-86,"raw":2.68,"distance":2.58,"var":0.80,"int":2434}
espresense/devices/msft:cdp:0922/test {"mac":"21567deef707","id":"msft:cdp:0922","idType":40,"rssi@1m":-71,"rssi":-55,"raw":0.35,"distance":0.28,"var":0.01,"int":193}
espresense/devices/sd:0xfe9f/test {"mac":"57f40505a2c8","id":"sd:0xfe9f","idType":15,"rssi@1m":-71,"rssi":-51,"raw":0.27,"distance":0.32,"var":0.01,"int":440}
espresense/devices/34b7da368e5e/test {"mac":"34b7da368e5e","id":"34b7da368e5e","idType":55,"rssi@1m":-71,"rssi":-93,"raw":4.25,"distance":4.04,"var":0.19,"int":2911}
espresense/devices/sd:0xfe9f/test {"mac":"6e469260015d","id":"sd:0xfe9f","idType":15,"rssi@1m":-71,"rssi":-78,"raw":1.58,"distance":1.45,"var":0.08,"int":431}
espresense/devices/apple:1007:110/test {"mac":"748d8ec030a9","id":"apple:1007:110","idType":150,"rssi@1m":-65,"rssi":-74,"raw":1.81,"distance":2.94,"var":3.54,"int":316}
espresense/devices/c1deb30e090e/test {"mac":"c1deb30e090e","id":"c1deb30e090e","idType":5,"rssi@1m":-65,"rssi":-86,"raw":3.98,"distance":3.84,"var":0.63,"int":3506}
espresense/devices/name:n05qz/test {"mac":"d265fa94dfa3","id":"name:n05qz","name":"N05QZ","idType":35,"rssi@1m":-71,"rssi":-95,"raw":4.85,"distance":4.73,"var":0.06,"int":4246}
espresense/devices/sd:0xfe9f/test {"mac":"42d65cd1b180","id":"sd:0xfe9f","idType":15,"rssi@1m":-71,"rssi":-77,"raw":1.48,"distance":2.63,"var":0.93,"int":533}
espresense/devices/apple:1005:9-12/test {"mac":"54adef303ee2","id":"apple:1005:9-12","idType":150,"rssi@1m":-65,"rssi":-87,"raw":4.25,"distance":3.47,"var":0.49,"int":721}
espresense/devices/e96924585c19/test {"mac":"e96924585c19","id":"e96924585c19","idType":5,"rssi@1m":-65,"rssi":-78,"raw":2.35,"distance":2.28,"var":0.21,"int":2854}
espresense/devices/de902b967282/test {"mac":"de902b967282","id":"de902b967282","idType":5,"rssi@1m":-65,"rssi":-74,"raw":1.81,"distance":2.08,"var":2.48,"int":2783}
espresense/devices/c62295e84e46/test {"mac":"c62295e84e46","id":"c62295e84e46","idType":5,"rssi@1m":-65,"rssi":-87,"raw":4.25,"distance":4.22,"var":0.62,"int":2684}
espresense/devices/cae451ebd9a0/test {"mac":"cae451ebd9a0","id":"cae451ebd9a0","idType":5,"rssi@1m":-65,"rssi":-90,"raw":5.18,"distance":5.08,"var":0.12,"int":4813}
espresense/devices/iBeacon:35df8e98-8c08-4dfe-bdf6-847912bf3322-100-40004/test {"mac":"615d5b8ce42d","id":"iBeacon:35df8e98-8c08-4dfe-bdf6-847912bf3322-100-40004","idType":180,"rssi@1m":-59,"rssi":-65,"raw":1.48,"distance":1.50,"var":0.02,"int":2650}
espresense/devices/apple:1005:90/test {"mac":"7609fe5b8535","id":"apple:1005:90","idType":150,"rssi@1m":-65,"rssi":-92,"raw":5.91,"distance":5.54,"var":0.60,"int":659}
espresense/devices/fa0b1ef66532/test {"mac":"fa0b1ef66532","id":"fa0b1ef66532","idType":5,"rssi@1m":-65,"rssi":-80,"raw":2.68,"distance":2.48,"var":0.22,"int":3114}
espresense/devices/sd:0xfe9f/test {"mac":"42d65cd1b180","id":"sd:0xfe9f","idType":15,"rssi@1m":-71,"rssi":-78,"raw":1.58,"distance":2.01,"var":0.86,"int":547}
espresense/devices/apple:1007:110/test {"mac":"748d8ec030a9","id":"apple:1007:110","idType":150,"rssi@1m":-65,"rssi":-69,"raw":1.30,"distance":2.35,"var":2.14,"int":328}
espresense/devices/apple:1005:9-12/test {"mac":"54adef303ee2","id":"apple:1005:9-12","idType":150,"rssi@1m":-65,"rssi":-79,"raw":2.51,"distance":2.95,"var":0.48,"int":696}
espresense/companion/telemetry {"unknownNodes":["test"],"ip":"10.1.1.2","skipped":5506}
espresense/devices/name:n05rc/test {"mac":"f6ed2531bab7","id":"name:n05rc","name":"N05RC","idType":35,"rssi@1m":-71,"rssi":-85,"raw":2.51,"distance":2.59,"var":0.82,"int":2445}
espresense/devices/msft:cdp:0922/test {"mac":"21567deef707","id":"msft:cdp:0922","idType":40,"rssi@1m":-71,"rssi":-46,"raw":0.19,"distance":0.27,"var":0.01,"int":187}
espresense/devices/sd:0xfe9f/test {"mac":"57f40505a2c8","id":"sd:0xfe9f","idType":15,"rssi@1m":-71,"rssi":-58,"raw":0.43,"distance":0.36,"var":0.01,"int":436}
espresense/devices/34b7da368e5e/test {"mac":"34b7da368e5e","id":"34b7da368e5e","idType":55,"rssi@1m":-71,"rssi":-94,"raw":4.54,"distance":4.33,"var":0.21,"int":3143}
espresense/devices/sd:0xfe9f/test {"mac":"6e469260015d","id":"sd:0xfe9f","idType":15,"rssi@1m":-71,"rssi":-77,"raw":1.48,"distance":1.38,"var":0.03,"int":441}
espresense/devices/c1deb30e090e/test {"mac":"c1deb30e090e","id":"c1deb30e090e","idType":5,"rssi@1m":-65,"rssi":-78,"raw":2.35,"distance":4.07,"var":0.90,"int":3720}
espresense/devices/name:n05qz/test {"mac":"d265fa94dfa3","id":"name:n05qz","name":"N05QZ","idType":35,"rssi@1m":-71,"rssi":-95,"raw":4.85,"distance":4.83,"var":0.06,"int":3809}
espresense/devices/apple:1007:110/test {"mac":"748d8ec030a9","id":"apple:1007:110","idType":150,"rssi@1m":-65,"rssi":-68,"raw":1.22,"distance":1.77,"var":1.11,"int":336}
espresense/devices/e96924585c19/test {"mac":"e96924585c19","id":"e96924585c19","idType":5,"rssi@1m":-65,"rssi":-81,"raw":2.87,"distance":2.61,"var":0.21,"int":3069}
espresense/devices/de902b967282/test {"mac":"de902b967282","id":"de902b967282","idType":5,"rssi@1m":-65,"rssi":-69,"raw":1.30,"distance":2.30,"var":2.56,"int":3005}
espresense/devices/c62295e84e46/test {"mac":"c62295e84e46","id":"c62295e84e46","idType":5,"rssi@1m":-65,"rssi":-81,"raw":2.87,"distance":3.15,"var":0.65,"int":2916}
espresense/devices/cae451ebd9a0/test {"mac":"cae451ebd9a0","id":"cae451ebd9a0","idType":5,"rssi@1m":-65,"rssi":-88,"raw":4.54,"distance":4.69,"var":0.12,"int":4844}
espresense/devices/iBeacon:35df8e98-8c08-4dfe-bdf6-847912bf3322-100-40004/test {"mac":"615d5b8ce42d","id":"iBeacon:35df8e98-8c08-4dfe-bdf6-847912bf3322-100-40004","idType":180,"rssi@1m":-59,"rssi":-68,"raw":1.81,"distance":1.58,"var":0.02,"int":2250}
espresense/devices/apple:1005:90/test {"mac":"7609fe5b8535","id":"apple:1005:90","idType":150,"rssi@1m":-65,"rssi":-84,"raw":3.49,"distance":5.43,"var":0.85,"int":668}
espresense/devices/fa0b1ef66532/test {"mac":"fa0b1ef66532","id":"fa0b1ef66532","idType":5,"rssi@1m":-65,"rssi":-76,"raw":2.06,"distance":2.26,"var":0.22,"int":3002}
espresense/devices/04c23eba5f0d/test {"mac":"04c23eba5f0d","id":"04c23eba5f0d","idType":55,"rssi@1m":-71,"rssi":-95,"raw":4.85,"distance":4.92,"var":0.55,"int":2242}
espresense/devices/sd:0xfe9f/test {"mac":"42d65cd1b180","id":"sd:0xfe9f","idType":15,"rssi@1m":-71,"rssi":-77,"raw":1.48,"distance":1.70,"var":1.03,"int":531}
espresense/devices/name:n05rc/test {"mac":"f6ed2531bab7","id":"name:n05rc","name":"N05RC","idType":35,"rssi@1m":-71,"rssi":-90,"raw":3.49,"distance":3.28,"var":0.80,"int":2580}
espresense/devices/apple:1005:9-12/test {"mac":"54adef303ee2","id":"apple:1005:9-12","idType":150,"rssi@1m":-65,"rssi":-87,"raw":4.25,"distance":3.39,"var":1.02,"int":671}
espresense/devices/e96924585c19/test {"mac":"e96924585c19","id":"e96924585c19","idType":5,"rssi@1m":-65,"rssi":-75,"raw":1.93,"distance":2.07,"var":0.21,"int":3064}
espresense/devices/msft:cdp:0922/test {"mac":"21567deef707","id":"msft:cdp:0922","idType":40,"rssi@1m":-71,"rssi":-46,"raw":0.19,"distance":0.33,"var":0.03,"int":182}
espresense/devices/sd:0xfe9f/test {"mac":"57f40505a2c8","id":"sd:0xfe9f","idType":15,"rssi@1m":-71,"rssi":-51,"raw":0.27,"distance":0.30,"var":0.01,"int":439}
espresense/devices/34b7da368e5e/test {"mac":"34b7da368e5e","id":"34b7da368e5e","idType":55,"rssi@1m":-71,"rssi":-92,"raw":3.98,"distance":4.05,"var":0.19,"int":3328}
espresense/devices/sd:0xfe9f/test {"mac":"42d65cd1b180","id":"sd:0xfe9f","idType":15,"rssi@1m":-71,"rssi":-89,"raw":3.27,"distance":2.41,"var":1.30,"int":516}
espresense/devices/sd:0xfe9f/test {"mac":"6e469260015d","id":"sd:0xfe9f","idType":15,"rssi@1m":-71,"rssi":-79,"raw":1.69,"distance":1.46,"var":0.03,"int":448}
espresense/devices/c1deb30e090e/test {"mac":"c1deb30e090e","id":"c1deb30e090e","idType":5,"rssi@1m":-65,"rssi":-80,"raw":2.68,"distance":3.99,"var":1.00,"int":3880}
espresense/devices/name:n05qz/test {"mac":"d265fa94dfa3","id":"name:n05qz","name":"N05QZ","idType":35,"rssi@1m":-71,"rssi":-94,"raw":4.54,"distance":4.63,"var":0.06,"int":3225}
espresense/devices/apple:1005:90/test {"mac":"7609fe5b8535","id":"apple:1005:90","idType":150,"rssi@1m":-65,"rssi":-82,"raw":3.06,"distance":4.83,"var":1.13,"int":656}
espresense/devices/04c23eba5f0d/test {"mac":"04c23eba5f0d","id":"04c23eba5f0d","idType":55,"rssi@1m":-71,"rssi":-98,"raw":5.91,"distance":5.56,"var":0.53,"int":2281}
espresense/devices/apple:1007:110/test {"mac":"748d8ec030a9","id":"apple:1007:110","idType":150,"rssi@1m":-65,"rssi":-74,"raw":1.81,"distance":2.07,"var":1.34,"int":348}
espresense/devices/c62295e84e46/test {"mac":"c62295e84e46","id":"c62295e84e46","idType":5,"rssi@1m":-65,"rssi":-91,"raw":5.53,"distance":3.65,"var":0.87,"int":3015}
espresense/devices/c1deb30e090e/test {"mac":"c1deb30e090e","id":"c1deb30e090e","idType":5,"rssi@1m":-65,"rssi":-81,"raw":2.87,"distance":3.18,"var":1.00,"int":3566}
espresense/devices/apple:1005:90/test {"mac":"7609fe5b8535","id":"apple:1005:90","idType":150,"rssi@1m":-65,"rssi":-81,"raw":2.87,"distance":4.22,"var":0.72,"int":628}
espresense/devices/04c23eba5f0d/test {"mac":"04c23eba5f0d","id":"04c23eba5f0d","idType":55,"rssi@1m":-71,"rssi":-93,"raw":4.25,"distance":4.99,"var":0.59,"int":2219}
espresense/devices/de902b967282/test {"mac":"de902b967282","id":"de902b967282","idType":5,"rssi@1m":-65,"rssi":-68,"raw":1.22,"distance":2.32,"var":2.65,"int":3279}
espresense/devices/name:n05mm/test {"mac":"f57e1a9484ae","id":"name:n05mm","name":"N05MM","idType":35,"rssi@1m":-71,"rssi":-94,"raw":4.54,"distance":4.50,"var":0.23,"int":5862}
espresense/devices/iBeacon:35df8e98-8c08-4dfe-bdf6-847912bf3322-100-40004/test {"mac":"615d5b8ce42d","id":"iBeacon:35df8e98-8c08-4dfe-bdf6-847912bf3322-100-40004","idType":180,"rssi@1m":-59,"rssi":-68,"raw":1.81,"distance":1.67,"var":0.03,"int":2147}
espresense/devices/fa0b1ef66532/test {"mac":"fa0b1ef66532","id":"fa0b1ef66532","idType":5,"rssi@1m":-65,"rssi":-76,"raw":2.06,"distance":2.12,"var":0.22,"int":3169}
espresense/devices/name:n05rc/test {"mac":"f6ed2531bab7","id":"name:n05rc","name":"N05RC","idType":35,"rssi@1m":-71,"rssi":-87,"raw":2.87,"distance":3.02,"var":0.79,"int":2753}
espresense/rooms/test/telemetry {"ip":"10.1.1.128","uptime":45,"firm":"esp32","rssi":-52,"ver":"v3.3.5","adverts":1259,"seen":1233,"reported":159,"freeHeap":93516,"maxHeap":73716,"scanStack":724,"loopStack":3704,"bleStack":3512}
espresense/devices/apple:1005:9-12/test {"mac":"54adef303ee2","id":"apple:1005:9-12","idType":150,"rssi@1m":-65,"rssi":-81,"raw":2.87,"distance":2.91,"var":0.35,"int":633}
espresense/devices/msft:cdp:0922/test {"mac":"21567deef707","id":"msft:cdp:0922","idType":40,"rssi@1m":-71,"rssi":-46,"raw":0.19,"distance":0.38,"var":0.02,"int":177}
espresense/devices/sd:0xfe9f/test {"mac":"57f40505a2c8","id":"sd:0xfe9f","idType":15,"rssi@1m":-71,"rssi":-53,"raw":0.31,"distance":0.30,"var":0.00,"int":450}
espresense/devices/34b7da368e5e/test {"mac":"34b7da368e5e","id":"34b7da368e5e","idType":55,"rssi@1m":-71,"rssi":-92,"raw":3.98,"distance":4.01,"var":0.12,"int":2945}
espresense/devices/sd:0xfe9f/test {"mac":"42d65cd1b180","id":"sd:0xfe9f","idType":15,"rssi@1m":-71,"rssi":-90,"raw":3.49,"distance":2.61,"var":1.34,"int":535}
espresense/devices/sd:0xfe9f/test {"mac":"6e469260015d","id":"sd:0xfe9f","idType":15,"rssi@1m":-71,"rssi":-73,"raw":1.14,"distance":1.49,"var":0.04,"int":459}
espresense/devices/name:n05qz/test {"mac":"d265fa94dfa3","id":"name:n05qz","name":"N05QZ","idType":35,"rssi@1m":-71,"rssi":-94,"raw":4.54,"distance":4.57,"var":0.06,"int":3373}
espresense/devices/apple:1007:110/test {"mac":"748d8ec030a9","id":"apple:1007:110","idType":150,"rssi@1m":-65,"rssi":-74,"raw":1.81,"distance":1.84,"var":0.96,"int":344}
espresense/devices/c62295e84e46/test {"mac":"c62295e84e46","id":"c62295e84e46","idType":5,"rssi@1m":-65,"rssi":-80,"raw":2.68,"distance":3.54,"var":0.96,"int":2936}
espresense/devices/c1deb30e090e/test {"mac":"c1deb30e090e","id":"c1deb30e090e","idType":5,"rssi@1m":-65,"rssi":-84,"raw":3.49,"distance":3.35,"var":0.90,"int":3709}
espresense/devices/apple:1005:90/test {"mac":"7609fe5b8535","id":"apple:1005:90","idType":150,"rssi@1m":-65,"rssi":-87,"raw":4.25,"distance":3.88,"var":0.20,"int":609}
espresense/devices/04c23eba5f0d/test {"mac":"04c23eba5f0d","id":"04c23eba5f0d","idType":55,"rssi@1m":-71,"rssi":-98,"raw":5.91,"distance":5.59,"var":0.38,"int":2225}
espresense/devices/e96924585c19/test {"mac":"e96924585c19","id":"e96924585c19","idType":5,"rssi@1m":-65,"rssi":-91,"raw":5.53,"distance":2.50,"var":0.98,"int":3478}
espresense/devices/de902b967282/test {"mac":"de902b967282","id":"de902b967282","idType":5,"rssi@1m":-65,"rssi":-85,"raw":3.73,"distance":2.40,"var":2.78,"int":3422}
espresense/devices/name:n05mm/test {"mac":"f57e1a9484ae","id":"name:n05mm","name":"N05MM","idType":35,"rssi@1m":-71,"rssi":-91,"raw":3.73,"distance":4.02,"var":0.22,"int":5739}
espresense/devices/iBeacon:35df8e98-8c08-4dfe-bdf6-847912bf3322-100-40004/test {"mac":"615d5b8ce42d","id":"iBeacon:35df8e98-8c08-4dfe-bdf6-847912bf3322-100-40004","idType":180,"rssi@1m":-59,"rssi":-65,"raw":1.48,"distance":1.53,"var":0.03,"int":1886}
espresense/devices/name:n05rc/test {"mac":"f6ed2531bab7","id":"name:n05rc","name":"N05RC","idType":35,"rssi@1m":-71,"rssi":-93,"raw":4.25,"distance":4.01,"var":0.83,"int":2838}
espresense/devices/fa0b1ef66532/test {"mac":"fa0b1ef66532","id":"fa0b1ef66532","idType":5,"rssi@1m":-65,"rssi":-78,"raw":2.35,"distance":2.30,"var":0.21,"int":3309}
espresense/devices/sd:0xfe9f/test {"mac":"42d65cd1b180","id":"sd:0xfe9f","idType":15,"rssi@1m":-71,"rssi":-93,"raw":4.25,"distance":3.33,"var":1.20,"int":532}
espresense/devices/04c23eba5f0d/test {"mac":"04c23eba5f0d","id":"04c23eba5f0d","idType":55,"rssi@1m":-71,"rssi":-93,"raw":4.25,"distance":4.91,"var":0.48,"int":1778}
espresense/devices/apple:1005:9-12/test {"mac":"54adef303ee2","id":"apple:1005:9-12","idType":150,"rssi@1m":-65,"rssi":-81,"raw":2.87,"distance":2.87,"var":0.10,"int":660}
espresense/devices/msft:cdp:0922/test {"mac":"21567deef707","id":"msft:cdp:0922","idType":40,"rssi@1m":-71,"rssi":-46,"raw":0.19,"distance":0.45,"var":0.02,"int":175}
espresense/devices/sd:0xfe9f/test {"mac":"57f40505a2c8","id":"sd:0xfe9f","idType":15,"rssi@1m":-71,"rssi":-53,"raw":0.31,"distance":0.30,"var":0.00,"int":451}
espresense/devices/34b7da368e5e/test {"mac":"34b7da368e5e","id":"34b7da368e5e","idType":55,"rssi@1m":-71,"rssi":-93,"raw":4.25,"distance":4.20,"var":0.04,"int":2705}
espresense/devices/sd:0xfe9f/test {"mac":"6e469260015d","id":"sd:0xfe9f","idType":15,"rssi@1m":-71,"rssi":-79,"raw":1.69,"distance":1.24,"var":0.06,"int":468}
espresense/devices/name:n05rc/test {"mac":"f6ed2531bab7","id":"name:n05rc","name":"N05RC","idType":35,"rssi@1m":-71,"rssi":-84,"raw":2.35,"distance":2.98,"var":0.88,"int":2822}
espresense/devices/name:n05qz/test {"mac":"d265fa94dfa3","id":"name:n05qz","name":"N05QZ","idType":35,"rssi@1m":-71,"rssi":-95,"raw":4.85,"distance":4.74,"var":0.06,"int":3248}
espresense/devices/cae451ebd9a0/test {"mac":"cae451ebd9a0","id":"cae451ebd9a0","idType":5,"rssi@1m":-65,"rssi":-83,"raw":3.27,"distance":4.43,"var":0.24,"int":6017}
espresense/devices/apple:1007:110/test {"mac":"748d8ec030a9","id":"apple:1007:110","idType":150,"rssi@1m":-65,"rssi":-85,"raw":3.73,"distance":1.65,"var":0.39,"int":337}
espresense/devices/c62295e84e46/test {"mac":"c62295e84e46","id":"c62295e84e46","idType":5,"rssi@1m":-65,"rssi":-82,"raw":3.06,"distance":3.27,"var":0.96,"int":3083}
espresense/devices/c1deb30e090e/test {"mac":"c1deb30e090e","id":"c1deb30e090e","idType":5,"rssi@1m":-65,"rssi":-84,"raw":3.49,"distance":3.45,"var":0.78,"int":3827}
espresense/devices/apple:1005:90/test {"mac":"7609fe5b8535","id":"apple:1005:90","idType":150,"rssi@1m":-65,"rssi":-88,"raw":4.54,"distance":3.98,"var":0.53,"int":594}
espresense/devices/e96924585c19/test {"mac":"e96924585c19","id":"e96924585c19","idType":5,"rssi@1m":-65,"rssi":-75,"raw":1.93,"distance":2.18,"var":1.00,"int":3595}
espresense/devices/de902b967282/test {"mac":"de902b967282","id":"de902b967282","idType":5,"rssi@1m":-65,"rssi":-74,"raw":1.81,"distance":1.98,"var":2.79,"int":3543}
espresense/devices/iBeacon:35df8e98-8c08-4dfe-bdf6-847912bf3322-100-40004/test {"mac":"615d5b8ce42d","id":"iBeacon:35df8e98-8c08-4dfe-bdf6-847912bf3322-100-40004","idType":180,"rssi@1m":-59,"rssi":-65,"raw":1.48,"distance":1.48,"var":0.02,"int":1722}
espresense/devices/name:n05hf/test {"mac":"c977e0f3e120","id":"name:n05hf","name":"N05HF","idType":35,"rssi@1m":-71,"rssi":-92,"raw":3.98,"distance":4.99,"var":0.27,"int":6941}
espresense/devices/sd:0xfe9f/test {"mac":"42d65cd1b180","id":"sd:0xfe9f","idType":15,"rssi@1m":-71,"rssi":-91,"raw":3.73,"distance":3.31,"var":1.77,"int":528}
espresense/devices/04c23eba5f0d/test {"mac":"04c23eba5f0d","id":"04c23eba5f0d","idType":55,"rssi@1m":-71,"rssi":-94,"raw":4.54,"distance":4.72,"var":0.34,"int":1705}
espresense/devices/apple:1005:9-12/test {"mac":"54adef303ee2","id":"apple:1005:9-12","idType":150,"rssi@1m":-65,"rssi":-84,"raw":3.49,"distance":3.25,"var":0.11,"int":665}
espresense/devices/msft:cdp:0922/test {"mac":"21567deef707","id":"msft:cdp:0922","idType":40,"rssi@1m":-71,"rssi":-62,"raw":0.55,"distance":0.41,"var":0.02,"int":172}
espresense/devices/sd:0xfe9f/test {"mac":"57f40505a2c8","id":"sd:0xfe9f","idType":15,"rssi@1m":-71,"rssi":-54,"raw":0.33,"distance":0.35,"var":0.00,"int":443}
espresense/devices/34b7da368e5e/test {"mac":"34b7da368e5e","id":"34b7da368e5e","idType":55,"rssi@1m":-71,"rssi":-94,"raw":4.54,"distance":4.40,"var":0.05,"int":2682}
espresense/devices/fa0b1ef66532/test {"mac":"fa0b1ef66532","id":"fa0b1ef66532","idType":5,"rssi@1m":-65,"rssi":-74,"raw":1.81,"distance":1.89,"var":0.22,"int":3578}
espresense/devices/sd:0xfe9f/test {"mac":"6e469260015d","id":"sd:0xfe9f","idType":15,"rssi@1m":-71,"rssi":-72,"raw":1.07,"distance":1.36,"var":0.06,"int":454}
espresense/devices/name:n05rc/test {"mac":"f6ed2531bab7","id":"name:n05rc","name":"N05RC","idType":35,"rssi@1m":-71,"rssi":-89,"raw":3.27,"distance":3.16,"var":0.49,"int":2639}
espresense/devices/name:n05qz/test {"mac":"d265fa94dfa3","id":"name:n05qz","name":"N05QZ","idType":35,"rssi@1m":-71,"rssi":-95,"raw":4.85,"distance":4.82,"var":0.02,"int":3365}
espresense/devices/cae451ebd9a0/test {"mac":"cae451ebd9a0","id":"cae451ebd9a0","idType":5,"rssi@1m":-65,"rssi":-82,"raw":3.06,"distance":4.34,"var":0.37,"int":5890}
espresense/devices/apple:1007:110/test {"mac":"748d8ec030a9","id":"apple:1007:110","idType":150,"rssi@1m":-65,"rssi":-69,"raw":1.30,"distance":1.50,"var":0.74,"int":339}
espresense/devices/c62295e84e46/test {"mac":"c62295e84e46","id":"c62295e84e46","idType":5,"rssi@1m":-65,"rssi":-93,"raw":6.31,"distance":3.75,"var":1.39,"int":3010}
espresense/devices/cae451ebd9a0/test {"mac":"cae451ebd9a0","id":"cae451ebd9a0","idType":5,"rssi@1m":-65,"rssi":-83,"raw":3.27,"distance":3.57,"var":0.44,"int":5347}
espresense/devices/apple:1005:90/test {"mac":"7609fe5b8535","id":"apple:1005:90","idType":150,"rssi@1m":-65,"rssi":-83,"raw":3.27,"distance":3.71,"var":0.39,"int":569}
espresense/devices/name:n05rc/test {"mac":"f6ed2531bab7","id":"name:n05rc","name":"N05RC","idType":35,"rssi@1m":-71,"rssi":-92,"raw":3.98,"distance":3.67,"var":0.56,"int":2579}
espresense/devices/c1deb30e090e/test {"mac":"c1deb30e090e","id":"c1deb30e090e","idType":5,"rssi@1m":-65,"rssi":-84,"raw":3.49,"distance":3.48,"var":0.63,"int":4013}
espresense/devices/de902b967282/test {"mac":"de902b967282","id":"de902b967282","idType":5,"rssi@1m":-65,"rssi":-74,"raw":1.81,"distance":1.84,"var":2.80,"int":3647}
espresense/devices/iBeacon:35df8e98-8c08-4dfe-bdf6-847912bf3322-100-40004/test {"mac":"615d5b8ce42d","id":"iBeacon:35df8e98-8c08-4dfe-bdf6-847912bf3322-100-40004","idType":180,"rssi@1m":-59,"rssi":-64,"raw":1.39,"distance":1.46,"var":0.01,"int":1609}
espresense/devices/name:n05hf/test {"mac":"c977e0f3e120","id":"name:n05hf","name":"N05HF","idType":35,"rssi@1m":-71,"rssi":-94,"raw":4.54,"distance":4.79,"var":0.28,"int":6663}
espresense/devices/sd:0xfe9f/test {"mac":"42d65cd1b180","id":"sd:0xfe9f","idType":15,"rssi@1m":-71,"rssi":-75,"raw":1.30,"distance":3.19,"var":1.62,"int":536}
espresense/rooms/test/telemetry {"ip":"10.1.1.128","uptime":60,"firm":"esp32","rssi":-53,"ver":"v3.3.5","adverts":1710,"seen":1684,"reported":216,"freeHeap":93508,"maxHeap":73716,"scanStack":724,"loopStack":3704,"bleStack":3512}
espresense/devices/04c23eba5f0d/test {"mac":"04c23eba5f0d","id":"04c23eba5f0d","idType":55,"rssi@1m":-71,"rssi":-92,"raw":3.98,"distance":4.37,"var":0.11,"int":1701}
espresense/devices/apple:1005:9-12/test {"mac":"54adef303ee2","id":"apple:1005:9-12","idType":150,"rssi@1m":-65,"rssi":-81,"raw":2.87,"distance":3.05,"var":0.06,"int":638}
espresense/devices/name:n05mm/test {"mac":"f57e1a9484ae","id":"name:n05mm","name":"N05MM","idType":35,"rssi@1m":-71,"rssi":-90,"raw":3.49,"distance":3.54,"var":0.21,"int":6497}
espresense/devices/msft:cdp:0922/test {"mac":"21567deef707","id":"msft:cdp:0922","idType":40,"rssi@1m":-71,"rssi":-59,"raw":0.45,"distance":0.32,"var":0.02,"int":172}
espresense/devices/sd:0xfe9f/test {"mac":"57f40505a2c8","id":"sd:0xfe9f","idType":15,"rssi@1m":-71,"rssi":-58,"raw":0.43,"distance":0.39,"var":0.01,"int":463}
espresense/devices/34b7da368e5e/test {"mac":"34b7da368e5e","id":"34b7da368e5e","idType":55,"rssi@1m":-71,"rssi":-91,"raw":3.73,"distance":3.91,"var":0.05,"int":2804}
espresense/devices/sd:0xfe9f/test {"mac":"6e469260015d","id":"sd:0xfe9f","idType":15,"rssi@1m":-71,"rssi":-79,"raw":1.69,"distance":1.54,"var":0.03,"int":450}
espresense/devices/fa0b1ef66532/test {"mac":"fa0b1ef66532","id":"fa0b1ef66532","idType":5,"rssi@1m":-65,"rssi":-78,"raw":2.35,"distance":2.26,"var":0.17,"int":3740}
espresense/devices/apple:1007:110/test {"mac":"748d8ec030a9","id":"apple:1007:110","idType":150,"rssi@1m":-65,"rssi":-73,"raw":1.69,"distance":1.72,"var":0.46,"int":339}
espresense/devices/c62295e84e46/test {"mac":"c62295e84e46","id":"c62295e84e46","idType":5,"rssi@1m":-65,"rssi":-94,"raw":6.74,"distance":4.12,"var":1.95,"int":3127}
espresense/devices/cae451ebd9a0/test {"mac":"cae451ebd9a0","id":"cae451ebd9a0","idType":5,"rssi@1m":-65,"rssi":-84,"raw":3.49,"distance":3.51,"var":0.46,"int":5312}
espresense/devices/apple:1005:90/test {"mac":"7609fe5b8535","id":"apple:1005:90","idType":150,"rssi@1m":-65,"rssi":-83,"raw":3.27,"distance":3.33,"var":0.24,"int":586}
espresense/devices/name:n05qz/test {"mac":"d265fa94dfa3","id":"name:n05qz","name":"N05QZ","idType":35,"rssi@1m":-71,"rssi":-97,"raw":5.53,"distance":5.42,"var":0.07,"int":3547}
espresense/devices/apple:1005:90/test {"mac":"7609fe5b8535","id":"apple:1005:90","idType":150,"rssi@1m":-65,"rssi":-87,"raw":4.25,"distance":3.89,"var":0.28,"int":584}
espresense/devices/c1deb30e090e/test {"mac":"c1deb30e090e","id":"c1deb30e090e","idType":5,"rssi@1m":-65,"rssi":-86,"raw":3.98,"distance":3.84,"var":0.48,"int":4089}
espresense/devices/de902b967282/test {"mac":"de902b967282","id":"de902b967282","idType":5,"rssi@1m":-65,"rssi":-69,"raw":1.30,"distance":2.32,"var":2.80,"int":3737}
espresense/devices/iBeacon:35df8e98-8c08-4dfe-bdf6-847912bf3322-100-40004/test {"mac":"615d5b8ce42d","id":"iBeacon:35df8e98-8c08-4dfe-bdf6-847912bf3322-100-40004","idType":180,"rssi@1m":-59,"rssi":-67,"raw":1.69,"distance":1.52,"var":0.02,"int":1527}
espresense/devices/name:n05qz/test {"mac":"d265fa94dfa3","id":"name:n05qz","name":"N05QZ","idType":35,"rssi@1m":-71,"rssi":-93,"raw":4.25,"distance":4.90,"var":0.09,"int":3415}
espresense/devices/name:n05hf/test {"mac":"c977e0f3e120","id":"name:n05hf","name":"N05HF","idType":35,"rssi@1m":-71,"rssi":-96,"raw":5.18,"distance":5.12,"var":0.29,"int":6495}
espresense/devices/sd:0xfe9f/test {"mac":"42d65cd1b180","id":"sd:0xfe9f","idType":15,"rssi@1m":-71,"rssi":-88,"raw":3.06,"distance":3.05,"var":1.55,"int":528}
espresense/devices/e96924585c19/test {"mac":"e96924585c19","id":"e96924585c19","idType":5,"rssi@1m":-65,"rssi":-74,"raw":1.81,"distance":1.85,"var":1.02,"int":4128}
espresense/devices/04c23eba5f0d/test {"mac":"04c23eba5f0d","id":"04c23eba5f0d","idType":55,"rssi@1m":-71,"rssi":-97,"raw":5.53,"distance":4.87,"var":0.23,"int":1651}
espresense/devices/apple:1005:9-12/test {"mac":"54adef303ee2","id":"apple:1005:9-12","idType":150,"rssi@1m":-65,"rssi":-91,"raw":5.53,"distance":3.24,"var":1.18,"int":637}
espresense/companion/telemetry {"unknownNodes":["test"],"ip":"10.1.1.2","skipped":5625}
espresense/devices/msft:cdp:0922/test {"mac":"21567deef707","id":"msft:cdp:0922","idType":40,"rssi@1m":-71,"rssi":-45,"raw":0.18,"distance":0.41,"var":0.02,"int":174}
espresense/devices/sd:0xfe9f/test {"mac":"57f40505a2c8","id":"sd:0xfe9f","idType":15,"rssi@1m":-71,"rssi":-61,"raw":0.52,"distance":0.40,"var":0.01,"int":466}
espresense/devices/34b7da368e5e/test {"mac":"34b7da368e5e","id":"34b7da368e5e","idType":55,"rssi@1m":-71,"rssi":-95,"raw":4.85,"distance":4.30,"var":0.08,"int":2775}
espresense/devices/sd:0xfe9f/test {"mac":"6e469260015d","id":"sd:0xfe9f","idType":15,"rssi@1m":-71,"rssi":-72,"raw":1.07,"distance":1.30,"var":0.06,"int":447}
espresense/devices/c1deb30e090e/test {"mac":"c1deb30e090e","id":"c1deb30e090e","idType":5,"rssi@1m":-65,"rssi":-78,"raw":2.35,"distance":2.78,"var":0.35,"int":4011}
espresense/devices/sd:0xfe9f/test {"mac":"42d65cd1b180","id":"sd:0xfe9f","idType":15,"rssi@1m":-71,"rssi":-77,"raw":1.48,"distance":2.41,"var":0.95,"int":520}
espresense/devices/fa0b1ef66532/test {"mac":"fa0b1ef66532","id":"fa0b1ef66532","idType":5,"rssi@1m":-65,"rssi":-74,"raw":1.81,"distance":2.01,"var":0.17,"int":3819}
espresense/devices/apple:1007:110/test {"mac":"748d8ec030a9","id":"apple:1007:110","idType":150,"rssi@1m":-65,"rssi":-87,"raw":4.25,"distance":1.78,"var":1.40,"int":346}
espresense/devices/name:n05rc/test {"mac":"f6ed2531bab7","id":"name:n05rc","name":"N05RC","idType":35,"rssi@1m":-71,"rssi":-83,"raw":2.20,"distance":2.41,"var":0.56,"int":2904}
espresense/devices/c62295e84e46/test {"mac":"c62295e84e46","id":"c62295e84e46","idType":5,"rssi@1m":-65,"rssi":-88,"raw":4.54,"distance":4.45,"var":1.81,"int":3231}
espresense/devices/cae451ebd9a0/test {"mac":"cae451ebd9a0","id":"cae451ebd9a0","idType":5,"rssi@1m":-65,"rssi":-87,"raw":4.25,"distance":3.93,"var":0.45,"int":5284}
espresense/devices/name:n05qz/test {"mac":"d265fa94dfa3","id":"name:n05qz","name":"N05QZ","idType":35,"rssi@1m":-71,"rssi":-92,"raw":3.98,"distance":4.28,"var":0.38,"int":3258}
espresense/devices/apple:1005:90/test {"mac":"7609fe5b8535","id":"apple:1005:90","idType":150,"rssi@1m":-65,"rssi":-82,"raw":3.06,"distance":3.87,"var":0.40,"int":588}
espresense/devices/apple:1005:9-12/test {"mac":"54adef303ee2","id":"apple:1005:9-12","idType":150,"rssi@1m":-65,"rssi":-91,"raw":5.53,"distance":4.09,"var":1.53,"int":644}
espresense/devices/de902b967282/test {"mac":"de902b967282","id":"de902b967282","idType":5,"rssi@1m":-65,"rssi":-74,"raw":1.81,"distance":2.16,"var":2.92,"int":3592}
espresense/devices/iBeacon:35df8e98-8c08-4dfe-bdf6-847912bf3322-100-40004/test {"mac":"615d5b8ce42d","id":"iBeacon:35df8e98-8c08-4dfe-bdf6-847912bf3322-100-40004","idType":180,"rssi@1m":-59,"rssi":-67,"raw":1.69,"distance":1.65,"var":0.03,"int":1500}
espresense/devices/name:n05hf/test {"mac":"c977e0f3e120","id":"name:n05hf","name":"N05HF","idType":35,"rssi@1m":-71,"rssi":-96,"raw":5.18,"distance":5.15,"var":0.29,"int":6329}
espresense/devices/e96924585c19/test {"mac":"e96924585c19","id":"e96924585c19","idType":5,"rssi@1m":-65,"rssi":-79,"raw":2.51,"distance":2.32,"var":0.97,"int":4186}
espresense/devices/name:n05mm/test {"mac":"f57e1a9484ae","id":"name:n05mm","name":"N05MM","idType":35,"rssi@1m":-71,"rssi":-91,"raw":3.73,"distance":3.70,"var":0.20,"int":6778}
espresense/devices/04c23eba5f0d/test {"mac":"04c23eba5f0d","id":"04c23eba5f0d","idType":55,"rssi@1m":-71,"rssi":-99,"raw":6.31,"distance":4.69,"var":0.46,"int":1652}
espresense/devices/04c23eba5f0d/test {"mac":"04c23eba5f0d","id":"04c23eba5f0d","idType":55,"rssi@1m":-71,"rssi":-97,"raw":5.53,"distance":5.21,"var":0.50,"int":1623}
espresense/devices/msft:cdp:0922/test {"mac":"21567deef707","id":"msft:cdp:0922","idType":40,"rssi@1m":-71,"rssi":-46,"raw":0.19,"distance":0.40,"var":0.02,"int":174}
espresense/devices/sd:0xfe9f/test {"mac":"57f40505a2c8","id":"sd:0xfe9f","idType":15,"rssi@1m":-71,"rssi":-62,"raw":0.55,"distance":0.39,"var":0.01,"int":461}
espresense/devices/34b7da368e5e/test {"mac":"34b7da368e5e","id":"34b7da368e5e","idType":55,"rssi@1m":-71,"rssi":-94,"raw":4.54,"distance":4.53,"var":0.11,"int":2637}
espresense/devices/sd:0xfe9f/test {"mac":"6e469260015d","id":"sd:0xfe9f","idType":15,"rssi@1m":-71,"rssi":-77,"raw":1.48,"distance":1.43,"var":0.07,"int":451}
espresense/devices/sd:0xfe9f/test {"mac":"42d65cd1b180","id":"sd:0xfe9f","idType":15,"rssi@1m":-71,"rssi":-76,"raw":1.39,"distance":1.89,"var":1.07,"int":523}
espresense/devices/cae451ebd9a0/test {"mac":"cae451ebd9a0","id":"cae451ebd9a0","idType":5,"rssi@1m":-65,"rssi":-88,"raw":4.54,"distance":4.44,"var":0.45,"int":5180}
espresense/devices/apple:1005:9-12/test {"mac":"54adef303ee2","id":"apple:1005:9-12","idType":150,"rssi@1m":-65,"rssi":-91,"raw":5.53,"distance":4.84,"var":1.63,"int":648}
espresense/devices/fa0b1ef66532/test {"mac":"fa0b1ef66532","id":"fa0b1ef66532","idType":5,"rssi@1m":-65,"rssi":-77,"raw":2.20,"distance":2.15,"var":0.12,"int":3673}
espresense/devices/apple:1007:110/test {"mac":"748d8ec030a9","id":"apple:1007:110","idType":150,"rssi@1m":-65,"rssi":-74,"raw":1.81,"distance":1.81,"var":1.24,"int":347}
espresense/devices/name:n05rc/test {"mac":"f6ed2531bab7","id":"name:n05rc","name":"N05RC","idType":35,"rssi@1m":-71,"rssi":-84,"raw":2.35,"distance":2.39,"var":0.59,"int":2999}
espresense/devices/c62295e84e46/test {"mac":"c62295e84e46","id":"c62295e84e46","idType":5,"rssi@1m":-65,"rssi":-79,"raw":2.51,"distance":4.16,"var":2.02,"int":3324}
espresense/devices/c1deb30e090e/test {"mac":"c1deb30e090e","id":"c1deb30e090e","idType":5,"rssi@1m":-65,"rssi":-80,"raw":2.68,"distance":2.70,"var":0.31,"int":4144}
espresense/devices/name:n05qz/test {"mac":"d265fa94dfa3","id":"name:n05qz","name":"N05QZ","idType":35,"rssi@1m":-71,"rssi":-93,"raw":4.25,"distance":4.27,"var":0.37,"int":3345}
espresense/devices/apple:1005:90/test {"mac":"7609fe5b8535","id":"apple:1005:90","idType":150,"rssi@1m":-65,"rssi":-83,"raw":3.27,"distance":4.03,"var":0.29,"int":585}
espresense/devices/de902b967282/test {"mac":"de902b967282","id":"de902b967282","idType":5,"rssi@1m":-65,"rssi":-69,"raw":1.30,"distance":2.24,"var":2.07,"int":3670}
espresense/devices/iBeacon:35df8e98-8c08-4dfe-bdf6-847912bf3322-100-40004/test {"mac":"615d5b8ce42d","id":"iBeacon:35df8e98-8c08-4dfe-bdf6-847912bf3322-100-40004","idType":180,"rssi@1m":-59,"rssi":-66,"raw":1.58,"distance":1.61,"var":0.03,"int":1583}
espresense/devices/sd:0xfe9f/test {"mac":"42d65cd1b180","id":"sd:0xfe9f","idType":15,"rssi@1m":-71,"rssi":-90,"raw":3.49,"distance":2.87,"var":1.11,"int":528}
espresense/devices/e96924585c19/test {"mac":"e96924585c19","id":"e96924585c19","idType":5,"rssi@1m":-65,"rssi":-74,"raw":1.81,"distance":1.95,"var":0.96,"int":4237}
espresense/devices/name:n05mm/test {"mac":"f57e1a9484ae","id":"name:n05mm","name":"N05MM","idType":35,"rssi@1m":-71,"rssi":-90,"raw":3.49,"distance":3.55,"var":0.19,"int":6600}
espresense/rooms/test/telemetry {"ip":"10.1.1.128","uptime":75,"firm":"esp32","rssi":-53,"ver":"v3.3.5","adverts":2154,"seen":2128,"reported":279,"freeHeap":93516,"maxHeap":73716,"scanStack":724,"loopStack":3704,"bleStack":3512}
espresense/devices/04c23eba5f0d/test {"mac":"04c23eba5f0d","id":"04c23eba5f0d","idType":55,"rssi@1m":-71,"rssi":-94,"raw":4.54,"distance":5.04,"var":0.37,"int":1520}
espresense/devices/msft:cdp:0922/test {"mac":"21567deef707","id":"msft:cdp:0922","idType":40,"rssi@1m":-71,"rssi":-61,"raw":0.52,"distance":0.40,"var":0.02,"int":173}
espresense/devices/sd:0xfe9f/test {"mac":"57f40505a2c8","id":"sd:0xfe9f","idType":15,"rssi@1m":-71,"rssi":-53,"raw":0.31,"distance":0.29,"var":0.01,"int":470}
espresense/devices/sd:0xfe9f/test {"mac":"6e469260015d","id":"sd:0xfe9f","idType":15,"rssi@1m":-71,"rssi":-77,"raw":1.48,"distance":1.45,"var":0.03,"int":443}
espresense/devices/apple:1005:90/test {"mac":"7609fe5b8535","id":"apple:1005:90","idType":150,"rssi@1m":-65,"rssi":-83,"raw":3.27,"distance":3.45,"var":0.22,"int":587}
espresense/devices/apple:1005:9-12/test {"mac":"54adef303ee2","id":"apple:1005:9-12","idType":150,"rssi@1m":-65,"rssi":-79,"raw":2.51,"distance":4.31,"var":2.06,"int":652}
espresense/devices/fa0b1ef66532/test {"mac":"fa0b1ef66532","id":"fa0b1ef66532","idType":5,"rssi@1m":-65,"rssi":-73,"raw":1.69,"distance":1.90,"var":0.08,"int":3555}
espresense/devices/apple:1007:110/test {"mac":"748d8ec030a9","id":"apple:1007:110","idType":150,"rssi@1m":-65,"rssi":-69,"raw":1.30,"distance":1.84,"var":1.01,"int":349}
espresense/devices/c62295e84e46/test {"mac":"c62295e84e46","id":"c62295e84e46","idType":5,"rssi@1m":-65,"rssi":-90,"raw":5.18,"distance":4.13,"var":2.12,"int":3408}
espresense/devices/c1deb30e090e/test {"mac":"c1deb30e090e","id":"c1deb30e090e","idType":5,"rssi@1m":-65,"rssi":-92,"raw":5.91,"distance":3.20,"var":0.88,"int":4198}
espresense/devices/cae451ebd9a0/test {"mac":"cae451ebd9a0","id":"cae451ebd9a0","idType":5,"rssi@1m":-65,"rssi":-88,"raw":4.54,"distance":4.52,"var":0.45,"int":5245}
espresense/devices/apple:1005:9-12/test {"mac":"54adef303ee2","id":"apple:1005:9-12","idType":150,"rssi@1m":-65,"rssi":-80,"raw":2.68,"distance":3.65,"var":1.86,"int":656}
espresense/devices/name:n05qz/test {"mac":"d265fa94dfa3","id":"name:n05qz","name":"N05QZ","idType":35,"rssi@1m":-71,"rssi":-93,"raw":4.25,"distance":4.27,"var":0.59,"int":3268}
espresense/devices/sd:0xfe9f/test {"mac":"42d65cd1b180","id":"sd:0xfe9f","idType":15,"rssi@1m":-71,"rssi":-91,"raw":3.73,"distance":3.45,"var":0.69,"int":527}
espresense/devices/name:n05hf/test {"mac":"c977e0f3e120","id":"name:n05hf","name":"N05HF","idType":35,"rssi@1m":-71,"rssi":-91,"raw":3.73,"distance":4.94,"var":0.41,"int":6615}
espresense/devices/iBeacon:35df8e98-8c08-4dfe-bdf6-847912bf3322-100-40004/test {"mac":"615d5b8ce42d","id":"iBeacon:35df8e98-8c08-4dfe-bdf6-847912bf3322-100-40004","idType":180,"rssi@1m":-59,"rssi":-65,"raw":1.48,"distance":1.50,"var":0.02,"int":1625}
espresense/devices/e96924585c19/test {"mac":"e96924585c19","id":"e96924585c19","idType":5,"rssi@1m":-65,"rssi":-78,"raw":2.35,"distance":2.24,"var":0.96,"int":4282}
espresense/devices/34b7da368e5e/test {"mac":"34b7da368e5e","id":"34b7da368e5e","idType":55,"rssi@1m":-71,"rssi":-92,"raw":3.98,"distance":4.06,"var":0.11,"int":2886}
espresense/devices/name:n05mm/test {"mac":"f57e1a9484ae","id":"name:n05mm","name":"N05MM","idType":35,"rssi@1m":-71,"rssi":-91,"raw":3.73,"distance":3.66,"var":0.17,"int":6455}
espresense/devices/de902b967282/test {"mac":"de902b967282","id":"de902b967282","idType":5,"rssi@1m":-65,"rssi":-75,"raw":1.93,"distance":1.97,"var":0.89,"int":3799}
espresense/devices/name:n05rc/test {"mac":"f6ed2531bab7","id":"name:n05rc","name":"N05RC","idType":35,"rssi@1m":-71,"rssi":-83,"raw":2.20,"distance":2.22,"var":0.64,"int":3213}
espresense/devices/04c23eba5f0d/test {"mac":"04c23eba5f0d","id":"04c23eba5f0d","idType":55,"rssi@1m":-71,"rssi":-98,"raw":5.91,"distance":5.23,"var":0.36,"int":1441}
espresense/devices/msft:cdp:0922/test {"mac":"21567deef707","id":"msft:cdp:0922","idType":40,"rssi@1m":-71,"rssi":-46,"raw":0.19,"distance":0.32,"var":0.01,"int":175}
espresense/devices/sd:0xfe9f/test {"mac":"57f40505a2c8","id":"sd:0xfe9f","idType":15,"rssi@1m":-71,"rssi":-51,"raw":0.27,"distance":0.36,"var":0.01,"int":472}
espresense/devices/sd:0xfe9f/test {"mac":"6e469260015d","id":"sd:0xfe9f","idType":15,"rssi@1m":-71,"rssi":-73,"raw":1.14,"distance":1.56,"var":0.06,"int":449}
espresense/devices/name:n05qz/test {"mac":"d265fa94dfa3","id":"name:n05qz","name":"N05QZ","idType":35,"rssi@1m":-71,"rssi":-95,"raw":4.85,"distance":4.78,"var":0.63,"int":3132}
espresense/devices/apple:1005:90/test {"mac":"7609fe5b8535","id":"apple:1005:90","idType":150,"rssi@1m":-65,"rssi":-81,"raw":2.87,"distance":3.01,"var":0.33,"int":595}
espresense/devices/fa0b1ef66532/test {"mac":"fa0b1ef66532","id":"fa0b1ef66532","idType":5,"rssi@1m":-65,"rssi":-76,"raw":2.06,"distance":2.01,"var":0.06,"int":3624}
espresense/devices/apple:1005:9-12/test {"mac":"54adef303ee2","id":"apple:1005:9-12","idType":150,"rssi@1m":-65,"rssi":-78,"raw":2.35,"distance":2.86,"var":1.44,"int":660}
espresense/devices/apple:1007:110/test {"mac":"748d8ec030a9","id":"apple:1007:110","idType":150,"rssi@1m":-65,"rssi":-86,"raw":3.98,"distance":1.88,"var":1.53,"int":349}
espresense/devices/c62295e84e46/test {"mac":"c62295e84e46","id":"c62295e84e46","idType":5,"rssi@1m":-65,"rssi":-81,"raw":2.87,"distance":4.02,"var":2.24,"int":3488}
espresense/devices/c1deb30e090e/test {"mac":"c1deb30e090e","id":"c1deb30e090e","idType":5,"rssi@1m":-65,"rssi":-95,"raw":7.20,"distance":3.56,"var":1.98,"int":4245}
espresense/devices/cae451ebd9a0/test {"mac":"cae451ebd9a0","id":"cae451ebd9a0","idType":5,"rssi@1m":-65,"rssi":-79,"raw":2.51,"distance":4.07,"var":0.60,"int":5227}
espresense/devices/sd:0xfe9f/test {"mac":"42d65cd1b180","id":"sd:0xfe9f","idType":15,"rssi@1m":-71,"rssi":-92,"raw":3.98,"distance":3.12,"var":0.97,"int":522}
espresense/devices/iBeacon:35df8e98-8c08-4dfe-bdf6-847912bf3322-100-40004/test {"mac":"615d5b8ce42d","id":"iBeacon:35df8e98-8c08-4dfe-bdf6-847912bf3322-100-40004","idType":180,"rssi@1m":-59,"rssi":-68,"raw":1.81,"distance":1.58,"var":0.02,"int":1663}
espresense/devices/apple:1007:110/test {"mac":"748d8ec030a9","id":"apple:1007:110","idType":150,"rssi@1m":-65,"rssi":-85,"raw":3.73,"distance":2.41,"var":1.48,"int":350}
espresense/devices/e96924585c19/test {"mac":"e96924585c19","id":"e96924585c19","idType":5,"rssi@1m":-65,"rssi":-73,"raw":1.69,"distance":1.85,"var":1.00,"int":4322}
espresense/devices/34b7da368e5e/test {"mac":"34b7da368e5e","id":"34b7da368e5e","idType":55,"rssi@1m":-71,"rssi":-91,"raw":3.73,"distance":3.89,"var":0.34,"int":2755}
espresense/devices/name:n05mm/test {"mac":"f57e1a9484ae","id":"name:n05mm","name":"N05MM","idType":35,"rssi@1m":-71,"rssi":-92,"raw":3.98,"distance":3.94,"var":0.12,"int":5846}
espresense/devices/e96924585c19/test {"mac":"e96924585c19","id":"e96924585c19","idType":5,"rssi@1m":-65,"rssi":-84,"raw":3.49,"distance":3.02,"var":1.08,"int":4096}
espresense/devices/de902b967282/test {"mac":"de902b967282","id":"de902b967282","idType":5,"rssi@1m":-65,"rssi":-70,"raw":1.39,"distance":1.50,"var":0.91,"int":3675}
espresense/devices/04c23eba5f0d/test {"mac":"04c23eba5f0d","id":"04c23eba5f0d","idType":55,"rssi@1m":-71,"rssi":-95,"raw":4.85,"distance":4.85,"var":0.28,"int":1480}
espresense/devices/msft:cdp:0922/test {"mac":"21567deef707","id":"msft:cdp:0922","idType":40,"rssi@1m":-71,"rssi":-46,"raw":0.19,"distance":0.36,"var":0.01,"int":174}
espresense/devices/sd:0xfe9f/test {"mac":"57f40505a2c8","id":"sd:0xfe9f","idType":15,"rssi@1m":-71,"rssi":-53,"raw":0.31,"distance":0.31,"var":0.01,"int":468}
espresense/devices/sd:0xfe9f/test {"mac":"6e469260015d","id":"sd:0xfe9f","idType":15,"rssi@1m":-71,"rssi":-82,"raw":2.06,"distance":1.65,"var":0.15,"int":454}
espresense/devices/apple:1005:90/test {"mac":"7609fe5b8535","id":"apple:1005:90","idType":150,"rssi@1m":-65,"rssi":-80,"raw":2.68,"distance":2.57,"var":0.01,"int":579}
espresense/devices/name:n05rc/test {"mac":"f6ed2531bab7","id":"name:n05rc","name":"N05RC","idType":35,"rssi@1m":-71,"rssi":-83,"raw":2.20,"distance":2.21,"var":0.67,"int":3348}
espresense/devices/fa0b1ef66532/test {"mac":"fa0b1ef66532","id":"fa0b1ef66532","idType":5,"rssi@1m":-65,"rssi":-73,"raw":1.69,"distance":1.84,"var":0.06,"int":3686}
espresense/devices/apple:1005:9-12/test {"mac":"54adef303ee2","id":"apple:1005:9-12","idType":150,"rssi@1m":-65,"rssi":-79,"raw":2.51,"distance":2.82,"var":1.28,"int":669}
espresense/devices/c62295e84e46/test {"mac":"c62295e84e46","id":"c62295e84e46","idType":5,"rssi@1m":-65,"rssi":-93,"raw":6.31,"distance":4.17,"var":2.49,"int":3557}
espresense/devices/sd:0xfe9f/test {"mac":"42d65cd1b180","id":"sd:0xfe9f","idType":15,"rssi@1m":-71,"rssi":-91,"raw":3.73,"distance":3.28,"var":0.92,"int":520}
espresense/devices/c1deb30e090e/test {"mac":"c1deb30e090e","id":"c1deb30e090e","idType":5,"rssi@1m":-65,"rssi":-87,"raw":4.25,"distance":4.14,"var":2.00,"int":4344}
espresense/devices/iBeacon:35df8e98-8c08-4dfe-bdf6-847912bf3322-100-40004/test {"mac":"615d5b8ce42d","id":"iBeacon:35df8e98-8c08-4dfe-bdf6-847912bf3322-100-40004","idType":180,"rssi@1m":-59,"rssi":-65,"raw":1.48,"distance":1.53,"var":0.02,"int":1663}
espresense/devices/apple:1007:110/test {"mac":"748d8ec030a9","id":"apple:1007:110","idType":150,"rssi@1m":-65,"rssi":-69,"raw":1.30,"distance":2.05,"var":1.14,"int":351}
espresense/devices/34b7da368e5e/test {"mac":"34b7da368e5e","id":"34b7da368e5e","idType":55,"rssi@1m":-71,"rssi":-94,"raw":4.54,"distance":4.17,"var":0.35,"int":2738}
espresense/devices/name:n05mm/test {"mac":"f57e1a9484ae","id":"name:n05mm","name":"N05MM","idType":35,"rssi@1m":-71,"rssi":-92,"raw":3.98,"distance":3.97,"var":0.09,"int":5786}
espresense/devices/e96924585c19/test {"mac":"e96924585c19","id":"e96924585c19","idType":5,"rssi@1m":-65,"rssi":-82,"raw":3.06,"distance":3.04,"var":1.06,"int":4141}
espresense/devices/de902b967282/test {"mac":"de902b967282","id":"de902b967282","idType":5,"rssi@1m":-65,"rssi":-68,"raw":1.22,"distance":1.30,"var":0.92,"int":3736}
espresense/rooms/test/telemetry {"ip":"10.1.1.128","uptime":90,"firm":"esp32","rssi":-53,"ver":"v3.3.5","adverts":2599,"seen":2573,"reported":337,"freeHeap":93516,"maxHeap":73716,"scanStack":724,"loopStack":3704,"bleStack":3512}
espresense/devices/name:n05mm/test {"mac":"f57e1a9484ae","id":"name:n05mm","name":"N05MM","idType":35,"rssi@1m":-71,"rssi":-88,"raw":3.06,"distance":3.27,"var":0.14,"int":5442}
espresense/devices/04c23eba5f0d/test {"mac":"04c23eba5f0d","id":"04c23eba5f0d","idType":55,"rssi@1m":-71,"rssi":-95,"raw":4.85,"distance":5.06,"var":0.36,"int":1516}
espresense/devices/apple:1005:9-12/test {"mac":"54adef303ee2","id":"apple:1005:9-12","idType":150,"rssi@1m":-65,"rssi":-86,"raw":3.98,"distance":3.48,"var":0.99,"int":675}
espresense/devices/msft:cdp:0922/test {"mac":"21567deef707","id":"msft:cdp:0922","idType":40,"rssi@1m":-71,"rssi":-54,"raw":0.33,"distance":0.33,"var":0.02,"int":175}
espresense/devices/sd:0xfe9f/test {"mac":"57f40505a2c8","id":"sd:0xfe9f","idType":15,"rssi@1m":-71,"rssi":-61,"raw":0.52,"distance":0.36,"var":0.01,"int":465}
espresense/devices/sd:0xfe9f/test {"mac":"6e469260015d","id":"sd:0xfe9f","idType":15,"rssi@1m":-71,"rssi":-77,"raw":1.48,"distance":1.57,"var":0.09,"int":462}
espresense/devices/apple:1005:90/test {"mac":"7609fe5b8535","id":"apple:1005:90","idType":150,"rssi@1m":-65,"rssi":-78,"raw":2.35,"distance":2.57,"var":0.06,"int":573}
espresense/devices/name:n05rc/test {"mac":"f6ed2531bab7","id":"name:n05rc","name":"N05RC","idType":35,"rssi@1m":-71,"rssi":-84,"raw":2.35,"distance":2.32,"var":0.67,"int":3420}
espresense/devices/fa0b1ef66532/test {"mac":"fa0b1ef66532","id":"fa0b1ef66532","idType":5,"rssi@1m":-65,"rssi":-78,"raw":2.35,"distance":2.08,"var":0.07,"int":3588}
espresense/devices/c62295e84e46/test {"mac":"c62295e84e46","id":"c62295e84e46","idType":5,"rssi@1m":-65,"rssi":-91,"raw":5.53,"distance":4.27,"var":2.49,"int":3621}
espresense/devices/e96924585c19/test {"mac":"e96924585c19","id":"e96924585c19","idType":5,"rssi@1m":-65,"rssi":-77,"raw":2.20,"distance":2.38,"var":1.07,"int":4088}
espresense/devices/sd:0xfe9f/test {"mac":"42d65cd1b180","id":"sd:0xfe9f","idType":15,"rssi@1m":-71,"rssi":-90,"raw":3.49,"distance":3.23,"var":1.14,"int":519}
espresense/devices/c1deb30e090e/test {"mac":"c1deb30e090e","id":"c1deb30e090e","idType":5,"rssi@1m":-65,"rssi":-87,"raw":4.25,"distance":4.20,"var":1.84,"int":4379}
espresense/devices/iBeacon:35df8e98-8c08-4dfe-bdf6-847912bf3322-100-40004/test {"mac":"615d5b8ce42d","id":"iBeacon:35df8e98-8c08-4dfe-bdf6-847912bf3322-100-40004","idType":180,"rssi@1m":-59,"rssi":-65,"raw":1.48,"distance":1.52,"var":0.01,"int":1696}
espresense/devices/apple:1007:110/test {"mac":"748d8ec030a9","id":"apple:1007:110","idType":150,"rssi@1m":-65,"rssi":-75,"raw":1.93,"distance":2.10,"var":1.69,"int":352}
espresense/devices/34b7da368e5e/test {"mac":"34b7da368e5e","id":"34b7da368e5e","idType":55,"rssi@1m":-71,"rssi":-92,"raw":3.98,"distance":4.24,"var":0.32,"int":2723}
espresense/devices/de902b967282/test {"mac":"de902b967282","id":"de902b967282","idType":5,"rssi@1m":-65,"rssi":-90,"raw":5.18,"distance":1.72,"var":1.51,"int":3633}
espresense/devices/name:n05mm/test {"mac":"f57e1a9484ae","id":"name:n05mm","name":"N05MM","idType":35,"rssi@1m":-71,"rssi":-89,"raw":3.27,"distance":3.27,"var":0.14,"int":5414}
espresense/devices/04c23eba5f0d/test {"mac":"04c23eba5f0d","id":"04c23eba5f0d","idType":55,"rssi@1m":-71,"rssi":-96,"raw":5.18,"distance":5.10,"var":0.26,"int":1405}
espresense/companion/telemetry {"unknownNodes":["test"],"ip":"10.1.1.2","skipped":5742}
espresense/devices/apple:1005:9-12/test {"mac":"54adef303ee2","id":"apple:1005:9-12","idType":150,"rssi@1m":-65,"rssi":-89,"raw":4.85,"distance":3.73,"var":0.72,"int":677}
espresense/devices/msft:cdp:0922/test {"mac":"21567deef707","id":"msft:cdp:0922","idType":40,"rssi@1m":-71,"rssi":-54,"raw":0.33,"distance":0.33,"var":0.02,"int":177}
espresense/devices/sd:0xfe9f/test {"mac":"57f40505a2c8","id":"sd:0xfe9f","idType":15,"rssi@1m":-71,"rssi":-50,"raw":0.25,"distance":0.28,"var":0.01,"int":464}
espresense/devices/cae451ebd9a0/test {"mac":"cae451ebd9a0","id":"cae451ebd9a0","idType":5,"rssi@1m":-65,"rssi":-82,"raw":3.06,"distance":3.16,"var":0.64,"int":5748}
espresense/devices/sd:0xfe9f/test {"mac":"6e469260015d","id":"sd:0xfe9f","idType":15,"rssi@1m":-71,"rssi":-77,"raw":1.48,"distance":1.46,"var":0.07,"int":481}
espresense/devices/apple:1005:90/test {"mac":"7609fe5b8535","id":"apple:1005:90","idType":150,"rssi@1m":-65,"rssi":-79,"raw":2.51,"distance":2.46,"var":0.06,"int":580}
espresense/devices/name:n05rc/test {"mac":"f6ed2531bab7","id":"name:n05rc","name":"N05RC","idType":35,"rssi@1m":-71,"rssi":-84,"raw":2.35,"distance":2.33,"var":0.69,"int":3481}
espresense/devices/fa0b1ef66532/test {"mac":"fa0b1ef66532","id":"fa0b1ef66532","idType":5,"rssi@1m":-65,"rssi":-78,"raw":2.35,"distance":2.11,"var":0.08,"int":3504}
espresense/devices/c62295e84e46/test {"mac":"c62295e84e46","id":"c62295e84e46","idType":5,"rssi@1m":-65,"rssi":-82,"raw":3.06,"distance":4.29,"var":2.45,"int":3678}
espresense/devices/e96924585c19/test {"mac":"e96924585c19","id":"e96924585c19","idType":5,"rssi@1m":-65,"rssi":-77,"raw":2.20,"distance":2.28,"var":1.08,"int":4129}
espresense/devices/name:n05mm/test {"mac":"f57e1a9484ae","id":"name:n05mm","name":"N05MM","idType":35,"rssi@1m":-71,"rssi":-92,"raw":3.98,"distance":3.79,"var":0.08,"int":4967}
espresense/devices/name:n05qz/test {"mac":"d265fa94dfa3","id":"name:n05qz","name":"N05QZ","idType":35,"rssi@1m":-71,"rssi":-93,"raw":4.25,"distance":4.30,"var":0.63,"int":3678}
espresense/devices/sd:0xfe9f/test {"mac":"42d65cd1b180","id":"sd:0xfe9f","idType":15,"rssi@1m":-71,"rssi":-77,"raw":1.48,"distance":2.94,"var":0.92,"int":521}
espresense/devices/c1deb30e090e/test {"mac":"c1deb30e090e","id":"c1deb30e090e","idType":5,"rssi@1m":-65,"rssi":-79,"raw":2.51,"distance":3.93,"var":1.88,"int":4412}
espresense/devices/iBeacon:35df8e98-8c08-4dfe-bdf6-847912bf3322-100-40004/test {"mac":"615d5b8ce42d","id":"iBeacon:35df8e98-8c08-4dfe-bdf6-847912bf3322-100-40004","idType":180,"rssi@1m":-59,"rssi":-67,"raw":1.69,"distance":1.64,"var":0.01,"int":1759}
espresense/devices/apple:1007:110/test {"mac":"748d8ec030a9","id":"apple:1007:110","idType":150,"rssi@1m":-65,"rssi":-75,"raw":1.93,"distance":1.97,"var":1.34,"int":361}
espresense/devices/apple:1005:90/test {"mac":"7609fe5b8535","id":"apple:1005:90","idType":150,"rssi@1m":-65,"rssi":-84,"raw":3.49,"distance":3.10,"var":0.19,"int":578}
espresense/devices/34b7da368e5e/test {"mac":"34b7da368e5e","id":"34b7da368e5e","idType":55,"rssi@1m":-71,"rssi":-92,"raw":3.98,"distance":4.05,"var":0.33,"int":2710}
espresense/devices/de902b967282/test {"mac":"de902b967282","id":"de902b967282","idType":5,"rssi@1m":-65,"rssi":-76,"raw":2.06,"distance":1.99,"var":1.50,"int":3687}
espresense/devices/04c23eba5f0d/test {"mac":"04c23eba5f0d","id":"04c23eba5f0d","idType":55,"rssi@1m":-71,"rssi":-95,"raw":4.85,"distance":4.74,"var":0.14,"int":1396}
espresense/devices/apple:1005:9-12/test {"mac":"54adef303ee2","id":"apple:1005:9-12","idType":150,"rssi@1m":-65,"rssi":-89,"raw":4.85,"distance":3.72,"var":0.75,"int":694}
espresense/devices/msft:cdp:0922/test {"mac":"21567deef707","id":"msft:cdp:0922","idType":40,"rssi@1m":-71,"rssi":-46,"raw":0.19,"distance":0.31,"var":0.02,"int":179}
espresense/devices/sd:0xfe9f/test {"mac":"57f40505a2c8","id":"sd:0xfe9f","idType":15,"rssi@1m":-71,"rssi":-51,"raw":0.27,"distance":0.38,"var":0.01,"int":461}
espresense/devices/sd:0xfe9f/test {"mac":"6e469260015d","id":"sd:0xfe9f","idType":15,"rssi@1m":-71,"rssi":-77,"raw":1.48,"distance":1.38,"var":0.04,"int":472}
espresense/devices/cae451ebd9a0/test {"mac":"cae451ebd9a0","id":"cae451ebd9a0","idType":5,"rssi@1m":-65,"rssi":-87,"raw":4.25,"distance":4.02,"var":0.61,"int":5765}
espresense/devices/name:n05rc/test {"mac":"f6ed2531bab7","id":"name:n05rc","name":"N05RC","idType":35,"rssi@1m":-71,"rssi":-84,"raw":2.35,"distance":2.35,"var":0.51,"int":3537}
espresense/devices/fa0b1ef66532/test {"mac":"fa0b1ef66532","id":"fa0b1ef66532","idType":5,"rssi@1m":-65,"rssi":-77,"raw":2.20,"distance":2.18,"var":0.07,"int":3559}
espresense/devices/c62295e84e46/test {"mac":"c62295e84e46","id":"c62295e84e46","idType":5,"rssi@1m":-65,"rssi":-87,"raw":4.25,"distance":4.28,"var":2.26,"int":3587}
espresense/devices/name:n05mm/test {"mac":"f57e1a9484ae","id":"name:n05mm","name":"N05MM","idType":35,"rssi@1m":-71,"rssi":-89,"raw":3.27,"distance":3.42,"var":0.10,"int":4968}
espresense/devices/sd:0xfe9f/test {"mac":"42d65cd1b180","id":"sd:0xfe9f","idType":15,"rssi@1m":-71,"rssi":-87,"raw":2.87,"distance":3.01,"var":0.84,"int":525}
espresense/devices/c1deb30e090e/test {"mac":"c1deb30e090e","id":"c1deb30e090e","idType":5,"rssi@1m":-65,"rssi":-87,"raw":4.25,"distance":4.16,"var":1.79,"int":4440}
espresense/devices/iBeacon:35df8e98-8c08-4dfe-bdf6-847912bf3322-100-40004/test {"mac":"615d5b8ce42d","id":"iBeacon:35df8e98-8c08-4dfe-bdf6-847912bf3322-100-40004","idType":180,"rssi@1m":-59,"rssi":-65,"raw":1.48,"distance":1.52,"var":0.01,"int":1820}
espresense/devices/apple:1007:110/test {"mac":"748d8ec030a9","id":"apple:1007:110","idType":150,"rssi@1m":-65,"rssi":-76,"raw":2.06,"distance":1.67,"var":0.07,"int":366}
espresense/devices/apple:1005:90/test {"mac":"7609fe5b8535","id":"apple:1005:90","idType":150,"rssi@1m":-65,"rssi":-83,"raw":3.27,"distance":3.16,"var":1.25,"int":583}
espresense/devices/name:n05qz/test {"mac":"d265fa94dfa3","id":"name:n05qz","name":"N05QZ","idType":35,"rssi@1m":-71,"rssi":-93,"raw":4.25,"distance":4.26,"var":0.60,"int":3784}
espresense/devices/34b7da368e5e/test {"mac":"34b7da368e5e","id":"34b7da368e5e","idType":55,"rssi@1m":-71,"rssi":-93,"raw":4.25,"distance":4.21,"var":0.31,"int":2776}
espresense/devices/de902b967282/test {"mac":"de902b967282","id":"de902b967282","idType":5,"rssi@1m":-65,"rssi":-77,"raw":2.20,"distance":2.16,"var":1.50,"int":3738}
espresense/rooms/test/telemetry {"ip":"10.1.1.128","uptime":105,"firm":"esp32","rssi":-52,"ver":"v3.3.5","adverts":2991,"seen":2965,"reported":393,"freeHeap":93516,"maxHeap":73716,"scanStack":724,"loopStack":3704,"bleStack":3512}
espresense/devices/04c23eba5f0d/test {"mac":"04c23eba5f0d","id":"04c23eba5f0d","idType":55,"rssi@1m":-71,"rssi":-93,"raw":4.25,"distance":4.39,"var":0.20,"int":1350}
espresense/devices/apple1005:9-12/test {"mac":"54adef303ee2","id":"apple:1005:9-12","idType":150,"rssi@1m":-65,"rssi":-88,"raw":4.54,"distance":3.91,"var":1.30,"int":690}
espresense/devices/msft:cdp:0922/test {"mac":"21567deef707","id":"msft:cdp:0922","idType":40,"rssi@1m":-71,"rssi":-62,"raw":0.55,"distance":0.34,"var":0.02,"int":179}
espresense/devices/sd:0xfe9f/test {"mac":"57f40505a2c8","id":"sd:0xfe9f","idType":15,"rssi@1m":-71,"rssi":-52,"raw":0.29,"distance":0.36,"var":0.01,"int":463}
espresense/devices/sd:0xfe9f/test {"mac":"6e469260015d","id":"sd:0xfe9f","idType":15,"rssi@1m":-71,"rssi":-78,"raw":1.58,"distance":1.36,"var":0.03,"int":478}
espresense/devices/apple:1005:90/test {"mac":"7609fe5b8535","id":"apple:1005:90","idType":150,"rssi@1m":-65,"rssi":-89,"raw":4.85,"distance":3.92,"var":1.62,"int":578}
espresense/devices/cae451ebd9a0/test {"mac":"cae451ebd9a0","id":"cae451ebd9a0","idType":5,"rssi@1m":-65,"rssi":-92,"raw":5.91,"distance":3.93,"var":0.82,"int":5720}
espresense/devices/name:n05rc/test {"mac":"f6ed2531bab7","id":"name:n05rc","name":"N05RC","idType":35,"rssi@1m":-71,"rssi":-85,"raw":2.51,"distance":2.48,"var":0.50,"int":3589}
espresense/devices/fa0b1ef66532/test {"mac":"fa0b1ef66532","id":"fa0b1ef66532","idType":5,"rssi@1m":-65,"rssi":-76,"raw":2.06,"distance":2.09,"var":0.07,"int":3611}
espresense/devices/c62295e84e46/test {"mac":"c62295e84e46","id":"c62295e84e46","idType":5,"rssi@1m":-65,"rssi":-80,"raw":2.68,"distance":4.22,"var":2.16,"int":3510}
espresense/devices/name:n05mm/test {"mac":"f57e1a9484ae","id":"name:n05mm","name":"N05MM","idType":35,"rssi@1m":-71,"rssi":-91,"raw":3.73,"distance":3.64,"var":0.09,"int":4970}
espresense/devices/sd:0xfe9f/test {"mac":"42d65cd1b180","id":"sd:0xfe9f","idType":15,"rssi@1m":-71,"rssi":-87,"raw":2.87,"distance":2.85,"var":0.84,"int":529}
espresense/devices/c62295e84e46/test {"mac":"c62295e84e46","id":"c62295e84e46","idType":5,"rssi@1m":-65,"rssi":-82,"raw":3.06,"distance":3.57,"var":1.58,"int":3425}
espresense/devices/c1deb30e090e/test {"mac":"c1deb30e090e","id":"c1deb30e090e","idType":5,"rssi@1m":-65,"rssi":-88,"raw":4.54,"distance":4.37,"var":1.79,"int":4465}
espresense/devices/iBeacon:35df8e98-8c08-4dfe-bdf6-847912bf3322-100-40004/test {"mac":"615d5b8ce42d","id":"iBeacon:35df8e98-8c08-4dfe-bdf6-847912bf3322-100-40004","idType":180,"rssi@1m":-59,"rssi":-65,"raw":1.48,"distance":1.55,"var":0.01,"int":1845}
espresense/devices/04c23eba5f0d/test {"mac":"04c23eba5f0d","id":"04c23eba5f0d","idType":55,"rssi@1m":-71,"rssi":-97,"raw":5.53,"distance":5.05,"var":0.17,"int":1308}
espresense/devices/apple:1007:110/test {"mac":"748d8ec030a9","id":"apple:1007:110","idType":150,"rssi@1m":-65,"rssi":-70,"raw":1.39,"distance":2.26,"var":4.35,"int":368}
espresense/devices/name:n05qz/test {"mac":"d265fa94dfa3","id":"name:n05qz","name":"N05QZ","idType":35,"rssi@1m":-71,"rssi":-92,"raw":3.98,"distance":4.09,"var":0.57,"int":3829}
espresense/devices/34b7da368e5e/test {"mac":"34b7da368e5e","id":"34b7da368e5e","idType":55,"rssi@1m":-71,"rssi":-93,"raw":4.25,"distance":4.25,"var":0.30,"int":2761}
espresense/devices/de902b967282/test {"mac":"de902b967282","id":"de902b967282","idType":5,"rssi@1m":-65,"rssi":-92,"raw":5.91,"distance":2.59,"var":4.02,"int":3649}
espresense/devices/apple:1006:10-12/test {"mac":"6b5f949a4dae","id":"apple:1006:10-12","idType":150,"rssi@1m":-65,"rssi":-86,"raw":3.98,"distance":2.15,"var":0.56,"int":442}
espresense/devices/apple:1006:10-12/test {"mac":"700acb385d8f","id":"apple:1006:10-12","idType":150,"rssi@1m":-65,"rssi":-83,"raw":3.27,"distance":2.61,"var":0.44,"int":458}
espresense/devices/apple:1005:9-12/test {"mac":"54adef303ee2","id":"apple:1005:9-12","idType":150,"rssi@1m":-65,"rssi":-86,"raw":3.98,"distance":4.13,"var":2.52,"int":691}
espresense/devices/msft:cdp:0922/test {"mac":"21567deef707","id":"msft:cdp:0922","idType":40,"rssi@1m":-71,"rssi":-47,"raw":0.21,"distance":0.30,"var":0.01,"int":181}
espresense/devices/sd:0xfe9f/test {"mac":"57f40505a2c8","id":"sd:0xfe9f","idType":15,"rssi@1m":-71,"rssi":-51,"raw":0.27,"distance":0.29,"var":0.00,"int":465}
espresense/devices/sd:0xfe9f/test {"mac":"6e469260015d","id":"sd:0xfe9f","idType":15,"rssi@1m":-71,"rssi":-71,"raw":1.00,"distance":1.39,"var":0.06,"int":481}
espresense/devices/sd:0xfe9f/test {"mac":"42d65cd1b180","id":"sd:0xfe9f","idType":15,"rssi@1m":-71,"rssi":-76,"raw":1.39,"distance":2.20,"var":0.80,"int":538}
espresense/devices/apple:1005:90/test {"mac":"7609fe5b8535","id":"apple:1005:90","idType":150,"rssi@1m":-65,"rssi":-85,"raw":3.73,"distance":3.70,"var":1.30,"int":590}
espresense/devices/cae451ebd9a0/test {"mac":"cae451ebd9a0","id":"cae451ebd9a0","idType":5,"rssi@1m":-65,"rssi":-82,"raw":3.06,"distance":3.44,"var":0.83,"int":5680}
espresense/devices/name:n05rc/test {"mac":"f6ed2531bab7","id":"name:n05rc","name":"N05RC","idType":35,"rssi@1m":-71,"rssi":-85,"raw":2.51,"distance":2.47,"var":0.27,"int":3517}
espresense/devices/e96924585c19/test {"mac":"e96924585c19","id":"e96924585c19","idType":5,"rssi@1m":-65,"rssi":-73,"raw":1.69,"distance":1.74,"var":1.11,"int":4572}
espresense/devices/apple:1007:110/test {"mac":"748d8ec030a9","id":"apple:1007:110","idType":150,"rssi@1m":-65,"rssi":-91,"raw":5.53,"distance":2.83,"var":5.00,"int":372}
espresense/devices/fa0b1ef66532/test {"mac":"fa0b1ef66532","id":"fa0b1ef66532","idType":5,"rssi@1m":-65,"rssi":-79,"raw":2.51,"distance":2.39,"var":0.08,"int":3659}
espresense/devices/name:n05mm/test {"mac":"f57e1a9484ae","id":"name:n05mm","name":"N05MM","idType":35,"rssi@1m":-71,"rssi":-90,"raw":3.49,"distance":3.55,"var":0.10,"int":4971}
espresense/devices/c62295e84e46/test {"mac":"c62295e84e46","id":"c62295e84e46","idType":5,"rssi@1m":-65,"rssi":-84,"raw":3.49,"distance":3.51,"var":1.53,"int":3477}
espresense/devices/apple:1006:10-12/test {"mac":"6b5f949a4dae","id":"apple:1006:10-12","idType":150,"rssi@1m":-65,"rssi":-70,"raw":1.39,"distance":1.62,"var":0.65,"int":444}
espresense/devices/iBeacon:35df8e98-8c08-4dfe-bdf6-847912bf3322-100-40004/test {"mac":"615d5b8ce42d","id":"iBeacon:35df8e98-8c08-4dfe-bdf6-847912bf3322-100-40004","idType":180,"rssi@1m":-59,"rssi":-65,"raw":1.48,"distance":1.46,"var":0.01,"int":1805}
espresense/devices/04c23eba5f0d/test {"mac":"04c23eba5f0d","id":"04c23eba5f0d","idType":55,"rssi@1m":-71,"rssi":-99,"raw":6.31,"distance":4.87,"var":0.30,"int":1289}
espresense/devices/apple:1006:10-12/test {"mac":"700acb385d8f","id":"apple:1006:10-12","idType":150,"rssi@1m":-65,"rssi":-74,"raw":1.81,"distance":2.09,"var":0.76,"int":458}
espresense/devices/name:n05qz/test {"mac":"d265fa94dfa3","id":"name:n05qz","name":"N05QZ","idType":35,"rssi@1m":-71,"rssi":-93,"raw":4.25,"distance":4.22,"var":0.40,"int":3871}
espresense/devices/34b7da368e5e/test {"mac":"34b7da368e5e","id":"34b7da368e5e","idType":55,"rssi@1m":-71,"rssi":-94,"raw":4.54,"distance":4.45,"var":0.07,"int":2747}
espresense/devices/c1deb30e090e/test {"mac":"c1deb30e090e","id":"c1deb30e090e","idType":5,"rssi@1m":-65,"rssi":-92,"raw":5.91,"distance":4.29,"var":2.00,"int":4534}
espresense/devices/de902b967282/test {"mac":"de902b967282","id":"de902b967282","idType":5,"rssi@1m":-65,"rssi":-73,"raw":1.69,"distance":2.69,"var":4.04,"int":3696}
espresense/devices/sd:0xfe9f/test {"mac":"42d65cd1b180","id":"sd:0xfe9f","idType":15,"rssi@1m":-71,"rssi":-89,"raw":3.27,"distance":2.72,"var":0.73,"int":535}
espresense/devices/apple:1005:9-12/test {"mac":"54adef303ee2","id":"apple:1005:9-12","idType":150,"rssi@1m":-65,"rssi":-79,"raw":2.51,"distance":4.57,"var":3.60,"int":701}
espresense/devices/msft:cdp:0922/test {"mac":"21567deef707","id":"msft:cdp:0922","idType":40,"rssi@1m":-71,"rssi":-59,"raw":0.45,"distance":0.31,"var":0.01,"int":180}
espresense/devices/sd:0xfe9f/test {"mac":"57f40505a2c8","id":"sd:0xfe9f","idType":15,"rssi@1m":-71,"rssi":-59,"raw":0.45,"distance":0.39,"var":0.00,"int":460}
espresense/devices/apple:1005:90/test {"mac":"7609fe5b8535","id":"apple:1005:90","idType":150,"rssi@1m":-65,"rssi":-80,"raw":2.68,"distance":3.13,"var":0.88,"int":592}
espresense/devices/sd:0xfe9f/test {"mac":"6e469260015d","id":"sd:0xfe9f","idType":15,"rssi@1m":-71,"rssi":-78,"raw":1.58,"distance":1.36,"var":0.06,"int":484}
espresense/devices/cae451ebd9a0/test {"mac":"cae451ebd9a0","id":"cae451ebd9a0","idType":5,"rssi@1m":-65,"rssi":-80,"raw":2.68,"distance":3.66,"var":0.90,"int":5644}
espresense/devices/name:n05rc/test {"mac":"f6ed2531bab7","id":"name:n05rc","name":"N05RC","idType":35,"rssi@1m":-71,"rssi":-84,"raw":2.35,"distance":2.40,"var":0.22,"int":3564}
espresense/devices/apple:1007:110/test {"mac":"748d8ec030a9","id":"apple:1007:110","idType":150,"rssi@1m":-65,"rssi":-73,"raw":1.69,"distance":3.27,"var":4.58,"int":377}
espresense/devices/fa0b1ef66532/test {"mac":"fa0b1ef66532","id":"fa0b1ef66532","idType":5,"rssi@1m":-65,"rssi":-74,"raw":1.81,"distance":1.97,"var":0.08,"int":3703}
espresense/devices/name:n05mm/test {"mac":"f57e1a9484ae","id":"name:n05mm","name":"N05MM","idType":35,"rssi@1m":-71,"rssi":-91,"raw":3.73,"distance":3.68,"var":0.09,"int":4973}
espresense/devices/c62295e84e46/test {"mac":"c62295e84e46","id":"c62295e84e46","idType":5,"rssi@1m":-65,"rssi":-80,"raw":2.68,"distance":3.66,"var":1.50,"int":3526}
espresense/devices/apple:1007:110/test {"mac":"748d8ec030a9","id":"apple:1007:110","idType":150,"rssi@1m":-65,"rssi":-70,"raw":1.39,"distance":2.71,"var":2.88,"int":377}
espresense/devices/apple:1006:10-12/test {"mac":"6b5f949a4dae","id":"apple:1006:10-12","idType":150,"rssi@1m":-65,"rssi":-81,"raw":2.87,"distance":2.06,"var":1.00,"int":446}
espresense/devices/iBeacon:35df8e98-8c08-4dfe-bdf6-847912bf3322-100-40004/test {"mac":"615d5b8ce42d","id":"iBeacon:35df8e98-8c08-4dfe-bdf6-847912bf3322-100-40004","idType":180,"rssi@1m":-59,"rssi":-65,"raw":1.48,"distance":1.55,"var":0.01,"int":1742}
espresense/devices/04c23eba5f0d/test {"mac":"04c23eba5f0d","id":"04c23eba5f0d","idType":55,"rssi@1m":-71,"rssi":-94,"raw":4.54,"distance":4.90,"var":0.29,"int":1287}
espresense/devices/apple:1005:90/test {"mac":"7609fe5b8535","id":"apple:1005:90","idType":150,"rssi@1m":-65,"rssi":-91,"raw":5.53,"distance":3.70,"var":1.29,"int":583}
espresense/devices/apple:1006:10-12/test {"mac":"700acb385d8f","id":"apple:1006:10-12","idType":150,"rssi@1m":-65,"rssi":-81,"raw":2.87,"distance":2.28,"var":0.90,"int":468}
espresense/devices/apple:1007:110/test {"mac":"748d8ec030a9","id":"apple:1007:110","idType":150,"rssi@1m":-65,"rssi":-69,"raw":1.30,"distance":2.19,"var":2.90,"int":379}
espresense/devices/name:n05qz/test {"mac":"d265fa94dfa3","id":"name:n05qz","name":"N05QZ","idType":35,"rssi@1m":-71,"rssi":-92,"raw":3.98,"distance":4.05,"var":0.40,"int":3910}
espresense/devices/34b7da368e5e/test {"mac":"34b7da368e5e","id":"34b7da368e5e","idType":55,"rssi@1m":-71,"rssi":-94,"raw":4.54,"distance":4.48,"var":0.05,"int":2735}
espresense/devices/c1deb30e090e/test {"mac":"c1deb30e090e","id":"c1deb30e090e","idType":5,"rssi@1m":-65,"rssi":-80,"raw":2.68,"distance":4.23,"var":2.15,"int":4553}
espresense/devices/de902b967282/test {"mac":"de902b967282","id":"de902b967282","idType":5,"rssi@1m":-65,"rssi":-92,"raw":5.91,"distance":3.03,"var":4.56,"int":3739}
espresense/devices/apple:1005:9-12/test {"mac":"54adef303ee2","id":"apple:1005:9-12","idType":150,"rssi@1m":-65,"rssi":-83,"raw":3.27,"distance":3.76,"var":2.14,"int":701}
espresense/rooms/test/telemetry {"ip":"10.1.1.128","uptime":120,"firm":"esp32","rssi":-52,"ver":"v3.3.5","adverts":3436,"seen":3410,"reported":460,"freeHeap":93420,"maxHeap":73716,"scanStack":724,"loopStack":3704,"bleStack":3512}
espresense/devices/sd:0xfe9f/test {"mac":"42d65cd1b180","id":"sd:0xfe9f","idType":15,"rssi@1m":-71,"rssi":-74,"raw":1.22,"distance":3.03,"var":0.68,"int":538}
espresense/devices/c62295e84e46/test {"mac":"c62295e84e46","id":"c62295e84e46","idType":5,"rssi@1m":-65,"rssi":-82,"raw":3.06,"distance":3.13,"var":1.33,"int":3374}
espresense/devices/msft:cdp:0922/test {"mac":"21567deef707","id":"msft:cdp:0922","idType":40,"rssi@1m":-71,"rssi":-58,"raw":0.43,"distance":0.28,"var":0.01,"int":180}
espresense/devices/sd:0xfe9f/test {"mac":"57f40505a2c8","id":"sd:0xfe9f","idType":15,"rssi@1m":-71,"rssi":-54,"raw":0.33,"distance":0.33,"var":0.01,"int":469}
espresense/devices/sd:0xfe9f/test {"mac":"6e469260015d","id":"sd:0xfe9f","idType":15,"rssi@1m":-71,"rssi":-76,"raw":1.39,"distance":1.40,"var":0.04,"int":485}